Config file /data/work/I2BC/fadwa.elkhaddar/BIM/ORFMINE/ORFmine/orfmine/orfribo/config.yaml is extended by additional config specified via the command line.
Building DAG of jobs...
Using shell: /usr/bin/bash
Provided cores: 1 (use --cores to define parallelism)
Rules claiming more threads will be scaled down.
Provided resources: mem_mb=2000000
Job stats:
job                       count    min threads    max threads
----------------------  -------  -------------  -------------
Exome_construction_gtf        1              1              1
ORFget                        1              1              1
all                           1              1              1
make_fastqc                   1              1              1
name_CDS                      1              1              1
total                         5              1              1

mkdir -p orfribo_20240326-124557/logs
echo 'RiboDoc version : 0.8.7' > orfribo_20240326-124557/SUPPLEMENTARY_DATA/Logs/RiboDoc_package_versions.txt
Select jobs to execute...

[Tue Mar 26 12:45:58 2024]
rule make_fastqc:
    input: /data/work/I2BC/fadwa.elkhaddar/BIM/fastq/SRR1562874.fastq.gz
    output: orfribo_20240326-124557/DATA_PROCESSING/Quality_control/SRR1562874/SRR1562874_fastqc.zip, orfribo_20240326-124557/DATA_PROCESSING/Quality_control/SRR1562874/SRR1562874_fastqc.html
    log: orfribo_20240326-124557/SUPPLEMENTARY_DATA/Logs/Quality_control/SRR1562874.log
    jobid: 1
    benchmark: orfribo_20240326-124557/SUPPLEMENTARY_DATA/Benchmarks/Quality_control/SRR1562874_benchmark.txt
    reason: Missing output files: orfribo_20240326-124557/DATA_PROCESSING/Quality_control/SRR1562874/SRR1562874_fastqc.html
    wildcards: sample=SRR1562874
    resources: tmpdir=/tmp


	 fastqc /data/work/I2BC/fadwa.elkhaddar/BIM/fastq/SRR1562874.fastq.gz --outdir orfribo_20240326-124557/DATA_PROCESSING/Quality_control/SRR1562874 2> orfribo_20240326-124557/SUPPLEMENTARY_DATA/Logs/Quality_control/SRR1562874.log 
	
[Tue Mar 26 12:47:39 2024]
Finished job 1.
1 of 5 steps (20%) done
Select jobs to execute...

[Tue Mar 26 12:47:39 2024]
rule name_CDS:
    input: /data/work/I2BC/fadwa.elkhaddar/BIM/orfmine_tutorial/ORFmine/examples/database/Scer.gff
    output: orfribo_20240326-124557/DATA_PROCESSING/Edited_Gff/Named.CDS_Scer.gff
    jobid: 2
    reason: Missing output files: orfribo_20240326-124557/DATA_PROCESSING/Edited_Gff/Named.CDS_Scer.gff
    resources: tmpdir=/tmp

[Tue Mar 26 12:47:41 2024]
Finished job 2.
2 of 5 steps (40%) done
Select jobs to execute...

[Tue Mar 26 12:47:41 2024]
rule ORFget:
    input: /data/work/I2BC/fadwa.elkhaddar/BIM/orfmine_tutorial/ORFmine/examples/database/Scer.fna, orfribo_20240326-124557/DATA_PROCESSING/Edited_Gff/Named.CDS_Scer.gff
    output: orfribo_20240326-124557/DATA_PROCESSING/Exome/Exome_elongated.nfasta, orfribo_20240326-124557/DATA_PROCESSING/Exome/Exome_elongated.gff, orfribo_20240326-124557/DATA_PROCESSING/Exome/Exome_elongated_with_gene_features.gff
    log: orfribo_20240326-124557/SUPPLEMENTARY_DATA/Logs/Exome/Exome_ORFget.log
    jobid: 4
    benchmark: orfribo_20240326-124557/SUPPLEMENTARY_DATA/Benchmarks/Exome/Exome_ORFget.benchmark.txt
    reason: Missing output files: orfribo_20240326-124557/DATA_PROCESSING/Exome/Exome_elongated.nfasta, orfribo_20240326-124557/DATA_PROCESSING/Exome/Exome_elongated_with_gene_features.gff; Input files updated by another job: orfribo_20240326-124557/DATA_PROCESSING/Edited_Gff/Named.CDS_Scer.gff
    resources: tmpdir=/tmp

RuleException in rule ORFget in line 1 of /data/work/I2BC/fadwa.elkhaddar/BIM/ORFMINE/ORFmine/orfmine/orfribo/rules/08_Exome_construction.smk:
AttributeError: 'Params' object has no attribute 'dirbase', when formatting the following:
gff2prot --fna {input.fasta} --gff {input.gff} --features {params.features} --outdir {params.dirbase} --out-basename {params.outname} --nucleic --elongate 50 --stop-end; mv {output.gff} {output.gff_with_genes};awk '$3 !~ /gene/' {output.gff_with_genes} > {output.gff};
