Config file /data/work/I2BC/fadwa.elkhaddar/BIM/ORFMINE/ORFmine/orfmine/orfribo/config.yaml is extended by additional config specified via the command line.
Building DAG of jobs...
Using shell: /usr/bin/bash
Provided cores: 1 (use --cores to define parallelism)
Rules claiming more threads will be scaled down.
Provided resources: mem_mb=2000000
Job stats:
job                       count    min threads    max threads
----------------------  -------  -------------  -------------
Exome_construction_gtf        1              1              1
ORFget                        1              1              1
all                           1              1              1
make_fastqc                   1              1              1
name_CDS                      1              1              1
total                         5              1              1

mkdir -p orfribo_20240325-145556/logs
echo 'RiboDoc version : 0.8.7' > orfribo_20240325-145556/SUPPLEMENTARY_DATA/Logs/RiboDoc_package_versions.txt
Select jobs to execute...

[Mon Mar 25 14:55:57 2024]
rule name_CDS:
    input: /data/work/I2BC/fadwa.elkhaddar/BIM/orfmine_tutorial/ORFmine/examples/database/Scer.gff
    output: orfribo_20240325-145556/DATA_PROCESSING/Edited_Gff/Named.CDS_Scer.gff
    jobid: 2
    reason: Missing output files: orfribo_20240325-145556/DATA_PROCESSING/Edited_Gff/Named.CDS_Scer.gff
    resources: tmpdir=/tmp

[Mon Mar 25 14:55:59 2024]
Finished job 2.
1 of 5 steps (20%) done
Select jobs to execute...

[Mon Mar 25 14:55:59 2024]
rule make_fastqc:
    input: /data/work/I2BC/fadwa.elkhaddar/BIM/fastq/SRR1562874.fastq.gz
    output: orfribo_20240325-145556/DATA_PROCESSING/Quality_control/SRR1562874/SRR1562874_fastqc.zip, orfribo_20240325-145556/DATA_PROCESSING/Quality_control/SRR1562874/SRR1562874_fastqc.html
    log: orfribo_20240325-145556/SUPPLEMENTARY_DATA/Logs/Quality_control/SRR1562874.log
    jobid: 1
    benchmark: orfribo_20240325-145556/SUPPLEMENTARY_DATA/Benchmarks/Quality_control/SRR1562874_benchmark.txt
    reason: Missing output files: orfribo_20240325-145556/DATA_PROCESSING/Quality_control/SRR1562874/SRR1562874_fastqc.html
    wildcards: sample=SRR1562874
    resources: tmpdir=/tmp


	 fastqc /data/work/I2BC/fadwa.elkhaddar/BIM/fastq/SRR1562874.fastq.gz --outdir orfribo_20240325-145556/DATA_PROCESSING/Quality_control/SRR1562874 2> orfribo_20240325-145556/SUPPLEMENTARY_DATA/Logs/Quality_control/SRR1562874.log 
	
[Mon Mar 25 14:55:59 2024]
Error in rule make_fastqc:
    jobid: 1
    output: orfribo_20240325-145556/DATA_PROCESSING/Quality_control/SRR1562874/SRR1562874_fastqc.zip, orfribo_20240325-145556/DATA_PROCESSING/Quality_control/SRR1562874/SRR1562874_fastqc.html
    log: orfribo_20240325-145556/SUPPLEMENTARY_DATA/Logs/Quality_control/SRR1562874.log (check log file(s) for error message)
    shell:
        
	 fastqc /data/work/I2BC/fadwa.elkhaddar/BIM/fastq/SRR1562874.fastq.gz --outdir orfribo_20240325-145556/DATA_PROCESSING/Quality_control/SRR1562874 2> orfribo_20240325-145556/SUPPLEMENTARY_DATA/Logs/Quality_control/SRR1562874.log 
	
        (one of the commands exited with non-zero exit code; note that snakemake uses bash strict mode!)

Shutting down, this might take some time.
Exiting because a job execution failed. Look above for error message
Complete log: .snakemake/log/2024-03-25T145556.558156.snakemake.log
