
   ___    ____    _____   _                           _     
  / _ \  |  _ \  |  ___| | |_   _ __    __ _    ___  | | __ 
 | | | | | |_) | | |_    | __| | '__|  / _` |  / __| | |/ / 
 | |_| | |  _ <  |  _|   | |_  | |    | (_| | | (__  |   <  
  \___/  |_| \_\ |_|      \__| |_|     \__,_|  \___| |_|\_\ 


Parameters description:
- fasta filename: E_coli.fna
- gff filename: E_coli.gff
- chr: None
- chr_exclude: None
- types_only: 
- types_except: gene, exon
- o_include: all
- o_exclude: 
- orf_len: 60
- co_ovp : 0.7
- outfile: ./mapping_orf_E_coli
- bool_types: False
- bool_chrs: False
- isfrag: False
- ofasta: False




# PARSING GFF AND FASTA INPUT FILES #
-------------------------------------




# PARSING FASTA FILE
--------------------




# PARSING GFF FILE
------------------

Checking chromosome IDs consistency between GFF and fasta file...

      Chromosome ids              in GFF            in fasta
------------------------------------------------------------
         NC_000913.3                   X                   X

All chromosomes are shared between GFF and fasta files.



# MAPPING ORFS (STOP-TO-STOP CODONS) #
--------------------------------------

Reading chromosome NC_000913.3 ...
 - ORF mapping and assignment




-- EXECUTION TIME: 17.7 SECONDS --
----------------------------------

