Config file /data/work/I2BC/fadwa.elkhaddar/BIM/ORFMINE/ORFmine/orfmine/orfribo/config.yaml is extended by additional config specified via the command line.
Building DAG of jobs...
Using shell: /usr/bin/bash
Provided cores: 1 (use --cores to define parallelism)
Rules claiming more threads will be scaled down.
Provided resources: mem_mb=2000000
Job stats:
job                             count    min threads    max threads
----------------------------  -------  -------------  -------------
Exome_construction_gtf              1              1              1
Mapping_Exome_STAR_Bowtie2          1              1              1
Mapping_Genome_HISAT_Bowtie2        1              1              1
adapt_trimming                      1              1              1
all                                 1              1              1
find_adapter_sequence               1              1              1
index_Exome_BOWTIE2                 1              1              1
index_reference_BOWTIE2             1              1              1
index_reference_HISAT2              1              1              1
make_fastqc                         1              1              1
riboWaltz_Exome                     1              1              1
total                              11              1              1

mkdir -p /data/work/I2BC/fadwa.elkhaddar/BIM/ORFMINE/ORFmine/orfmine/orfribo/Test/logs
echo 'RiboDoc version : 0.8.7' > /data/work/I2BC/fadwa.elkhaddar/BIM/ORFMINE/ORFmine/orfmine/orfribo/Test/SUPPLEMENTARY_DATA/Logs/RiboDoc_package_versions.txt
Select jobs to execute...

[Tue Mar 26 18:50:39 2024]
rule find_adapter_sequence:
    input: /data/work/I2BC/fadwa.elkhaddar/BIM/fastq/SRR1562874.fastq.gz
    output: /data/work/I2BC/fadwa.elkhaddar/BIM/ORFMINE/ORFmine/orfmine/orfribo/Test/DATA_PROCESSING/Trimming/Adapters/SRR1562874/SRR1562874.txt
    log: /data/work/I2BC/fadwa.elkhaddar/BIM/ORFMINE/ORFmine/orfmine/orfribo/Test/SUPPLEMENTARY_DATA/Logs/Trimming/Adapters/SRR1562874.rscript.log, /data/work/I2BC/fadwa.elkhaddar/BIM/ORFMINE/ORFmine/orfmine/orfribo/Test/SUPPLEMENTARY_DATA/Logs/Trimming/Adapters/SRR1562874.sed.log, /data/work/I2BC/fadwa.elkhaddar/BIM/ORFMINE/ORFmine/orfmine/orfribo/Test/SUPPLEMENTARY_DATA/Logs/Trimming/Adapters/SRR1562874.echo.log, /data/work/I2BC/fadwa.elkhaddar/BIM/ORFMINE/ORFmine/orfmine/orfribo/Test/SUPPLEMENTARY_DATA/Logs/Trimming/Adapters/SRR1562874.touch.log
    jobid: 5
    reason: Forced execution
    wildcards: sample=SRR1562874
    resources: tmpdir=/var/tmp/pbs.951401.pbsserver

touch /data/work/I2BC/fadwa.elkhaddar/BIM/ORFMINE/ORFmine/orfmine/orfribo/Test/DATA_PROCESSING/Trimming/Adapters/SRR1562874/SRR1562874.txt 2> /data/work/I2BC/fadwa.elkhaddar/BIM/ORFMINE/ORFmine/orfmine/orfribo/Test/SUPPLEMENTARY_DATA/Logs/Trimming/Adapters/SRR1562874.touch.log;if [ -z  ]; then Rscript /data/work/I2BC/fadwa.elkhaddar/BIM/ORFMINE/ORFmine/orfmine/orfribo/Rscripts/find_adapter_sequence.R /data/work/I2BC/fadwa.elkhaddar/BIM/fastq/SRR1562874.fastq.gz  /data/work/I2BC/fadwa.elkhaddar/BIM/ORFMINE/ORFmine/orfmine/orfribo/Test/DATA_PROCESSING/Trimming/Adapters/SRR1562874 2> /data/work/I2BC/fadwa.elkhaddar/BIM/ORFMINE/ORFmine/orfmine/orfribo/Test/SUPPLEMENTARY_DATA/Logs/Trimming/Adapters/SRR1562874.rscript.log ;elif [ '0' = 'no' ]; then echo  1> /data/work/I2BC/fadwa.elkhaddar/BIM/ORFMINE/ORFmine/orfmine/orfribo/Test/DATA_PROCESSING/Trimming/Adapters/SRR1562874/SRR1562874.txt 2> /data/work/I2BC/fadwa.elkhaddar/BIM/ORFMINE/ORFmine/orfmine/orfribo/Test/SUPPLEMENTARY_DATA/Logs/Trimming/Adapters/SRR1562874.echo.log;fi;
[Tue Mar 26 18:55:00 2024]
Finished job 5.
1 of 11 steps (9%) done
Select jobs to execute...

[Tue Mar 26 18:55:00 2024]
rule adapt_trimming:
    input: /data/work/I2BC/fadwa.elkhaddar/BIM/fastq/SRR1562874.fastq.gz, /data/work/I2BC/fadwa.elkhaddar/BIM/ORFMINE/ORFmine/orfmine/orfribo/Test/DATA_PROCESSING/Trimming/Adapters/SRR1562874/SRR1562874.txt
    output: /data/work/I2BC/fadwa.elkhaddar/BIM/ORFMINE/ORFmine/orfmine/orfribo/Test/DATA_PROCESSING/Trimming/Trimmed_fastq/SRR1562874/SRR1562874.cutadapt.25-35.fastq.gz
    log: /data/work/I2BC/fadwa.elkhaddar/BIM/ORFMINE/ORFmine/orfmine/orfribo/Test/SUPPLEMENTARY_DATA/Logs/Trimming/Trimmed_fastq/SRR1562874_trim_value.log, /data/work/I2BC/fadwa.elkhaddar/BIM/ORFMINE/ORFmine/orfmine/orfribo/Test/SUPPLEMENTARY_DATA/Logs/Trimming/Trimmed_fastq/SRR1562874_cutadapt.log, /data/work/I2BC/fadwa.elkhaddar/BIM/ORFMINE/ORFmine/orfmine/orfribo/Test/SUPPLEMENTARY_DATA/Logs/Trimming/Trimmed_fastq/SRR1562874_adapt_trimming.log
    jobid: 4
    benchmark: /data/work/I2BC/fadwa.elkhaddar/BIM/ORFMINE/ORFmine/orfmine/orfribo/Test/SUPPLEMENTARY_DATA/Benchmarks/Trimming/Trimmed_fastq/SRR1562874_adapt_trimming.txt
    reason: Missing output files: /data/work/I2BC/fadwa.elkhaddar/BIM/ORFMINE/ORFmine/orfmine/orfribo/Test/DATA_PROCESSING/Trimming/Trimmed_fastq/SRR1562874/SRR1562874.cutadapt.25-35.fastq.gz; Input files updated by another job: /data/work/I2BC/fadwa.elkhaddar/BIM/ORFMINE/ORFmine/orfmine/orfribo/Test/DATA_PROCESSING/Trimming/Adapters/SRR1562874/SRR1562874.txt
    wildcards: sample=SRR1562874
    resources: tmpdir=/var/tmp/pbs.951401.pbsserver, mem_mb=2000


        adapter_sequence=$(cat /data/work/I2BC/fadwa.elkhaddar/BIM/ORFMINE/ORFmine/orfmine/orfribo/Test/DATA_PROCESSING/Trimming/Adapters/SRR1562874/SRR1562874.txt)
        if [ ARE_ADAPTERS_TRIMMED == "0" ]; then
            trim="-a $adapter_sequence --trimmed-only"
            echo "Trim value: $trim" > /data/work/I2BC/fadwa.elkhaddar/BIM/ORFMINE/ORFmine/orfmine/orfribo/Test/SUPPLEMENTARY_DATA/Logs/Trimming/Trimmed_fastq/SRR1562874_trim_value.log
            cutadapt $trim -e 0.125 -j 1 --max-n=1 -m  MIN_READ_LENGTH -M MAX_READ_LENGTH -o /data/work/I2BC/fadwa.elkhaddar/BIM/ORFMINE/ORFmine/orfmine/orfribo/Test/DATA_PROCESSING/Trimming/Trimmed_fastq/SRR1562874/SRR1562874.cutadapt.25-35.fastq.gz /data/work/I2BC/fadwa.elkhaddar/BIM/fastq/SRR1562874.fastq.gz 1>> /data/work/I2BC/fadwa.elkhaddar/BIM/ORFMINE/ORFmine/orfmine/orfribo/Test/SUPPLEMENTARY_DATA/Logs/Trimming/Trimmed_fastq/SRR1562874_adapt_trimming.log 2> /data/work/I2BC/fadwa.elkhaddar/BIM/ORFMINE/ORFmine/orfmine/orfribo/Test/SUPPLEMENTARY_DATA/Logs/Trimming/Trimmed_fastq/SRR1562874_cutadapt.log
        else
            ln -s /data/work/I2BC/fadwa.elkhaddar/BIM/fastq/SRR1562874.fastq.gz /data/work/I2BC/fadwa.elkhaddar/BIM/ORFMINE/ORFmine/orfmine/orfribo/Test/DATA_PROCESSING/Trimming/Trimmed_fastq/SRR1562874/SRR1562874.cutadapt.25-35.fastq.gz
            echo "Reads are already trimmed." > /data/work/I2BC/fadwa.elkhaddar/BIM/ORFMINE/ORFmine/orfmine/orfribo/Test/SUPPLEMENTARY_DATA/Logs/Trimming/Trimmed_fastq/SRR1562874_adapt_trimming.log
        fi
        
Benchmark: unable to collect cpu and memory benchmark statistics
[Tue Mar 26 18:55:00 2024]
Finished job 4.
2 of 11 steps (18%) done
Select jobs to execute...

[Tue Mar 26 18:55:00 2024]
rule Exome_construction_gtf:
    input: /data/work/I2BC/fadwa.elkhaddar/BIM/ORFMINE/ORFmine/orfmine/orfribo/Test/DATA_PROCESSING/Exome/Exome_elongated.nfasta, /data/work/I2BC/fadwa.elkhaddar/BIM/ORFMINE/ORFmine/orfmine/orfribo/Test/DATA_PROCESSING/Exome/Exome_elongated_with_gene_features.gff
    output: /data/work/I2BC/fadwa.elkhaddar/BIM/ORFMINE/ORFmine/orfmine/orfribo/Test/DATA_PROCESSING/Exome/Exome_elongated.exons_Scer.fna, /data/work/I2BC/fadwa.elkhaddar/BIM/ORFMINE/ORFmine/orfmine/orfribo/Test/DATA_PROCESSING/Exome/Exome_elongated.exons_Scer.gtf
    log: /data/work/I2BC/fadwa.elkhaddar/BIM/ORFMINE/ORFmine/orfmine/orfribo/Test/SUPPLEMENTARY_DATA/Logs/Exome/Exome_samtools_index.log, /data/work/I2BC/fadwa.elkhaddar/BIM/ORFMINE/ORFmine/orfmine/orfribo/Test/SUPPLEMENTARY_DATA/Logs/Exome/Exome_gffread.log, /data/work/I2BC/fadwa.elkhaddar/BIM/ORFMINE/ORFmine/orfmine/orfribo/Test/SUPPLEMENTARY_DATA/Logs/Exome/Exome_sed.log, /data/work/I2BC/fadwa.elkhaddar/BIM/ORFMINE/ORFmine/orfmine/orfribo/Test/SUPPLEMENTARY_DATA/Logs/Exome/Exome_awk.log
    jobid: 13
    benchmark: /data/work/I2BC/fadwa.elkhaddar/BIM/ORFMINE/ORFmine/orfmine/orfribo/Test/SUPPLEMENTARY_DATA/Benchmarks/Benchmark/Exome/Exome.benchmark.txt
    reason: Missing output files: /data/work/I2BC/fadwa.elkhaddar/BIM/ORFMINE/ORFmine/orfmine/orfribo/Test/DATA_PROCESSING/Exome/Exome_elongated.exons_Scer.gtf
    resources: tmpdir=/var/tmp/pbs.951401.pbsserver

samtools faidx /data/work/I2BC/fadwa.elkhaddar/BIM/ORFMINE/ORFmine/orfmine/orfribo/Test/DATA_PROCESSING/Exome/Exome_elongated.nfasta 2> /data/work/I2BC/fadwa.elkhaddar/BIM/ORFMINE/ORFmine/orfmine/orfribo/Test/SUPPLEMENTARY_DATA/Logs/Exome/Exome_samtools_index.log ;gffread -F -T -w /data/work/I2BC/fadwa.elkhaddar/BIM/ORFMINE/ORFmine/orfmine/orfribo/Test/DATA_PROCESSING/Exome/Exome_elongated.exons_Scer.fna -o /data/work/I2BC/fadwa.elkhaddar/BIM/ORFMINE/ORFmine/orfmine/orfribo/Test/DATA_PROCESSING/Exome/Exome_elongated.exons_tmp.gtf -g /data/work/I2BC/fadwa.elkhaddar/BIM/ORFMINE/ORFmine/orfmine/orfribo/Test/DATA_PROCESSING/Exome/Exome_elongated.nfasta /data/work/I2BC/fadwa.elkhaddar/BIM/ORFMINE/ORFmine/orfmine/orfribo/Test/DATA_PROCESSING/Exome/Exome_elongated_with_gene_features.gff 2> /data/work/I2BC/fadwa.elkhaddar/BIM/ORFMINE/ORFmine/orfmine/orfribo/Test/SUPPLEMENTARY_DATA/Logs/Exome/Exome_gffread.log ;sed -i 's/description[^\;]*\;//' /data/work/I2BC/fadwa.elkhaddar/BIM/ORFMINE/ORFmine/orfmine/orfribo/Test/DATA_PROCESSING/Exome/Exome_elongated.exons_tmp.gtf 2>> /data/work/I2BC/fadwa.elkhaddar/BIM/ORFMINE/ORFmine/orfmine/orfribo/Test/SUPPLEMENTARY_DATA/Logs/Exome/Exome_sed.log ;sed -i 's/\t[A-Z]*[_]*gene_segment\t/\ttranscript\t/' /data/work/I2BC/fadwa.elkhaddar/BIM/ORFMINE/ORFmine/orfmine/orfribo/Test/DATA_PROCESSING/Exome/Exome_elongated.exons_tmp.gtf 2>> /data/work/I2BC/fadwa.elkhaddar/BIM/ORFMINE/ORFmine/orfmine/orfribo/Test/SUPPLEMENTARY_DATA/Logs/Exome/Exome_sed.log ;awk -F '\t' '{if(NF<=9) {print($0);} else {for(field=1;field<9;field++) {printf("%s\t",$field);} for(field=9;field<=NF;field++) {printf("%s ",$field);} printf("\n");}}' /data/work/I2BC/fadwa.elkhaddar/BIM/ORFMINE/ORFmine/orfmine/orfribo/Test/DATA_PROCESSING/Exome/Exome_elongated.exons_tmp.gtf > /data/work/I2BC/fadwa.elkhaddar/BIM/ORFMINE/ORFmine/orfmine/orfribo/Test/DATA_PROCESSING/Exome/Exome_elongated.exons_Scer.gtf 2>> /data/work/I2BC/fadwa.elkhaddar/BIM/ORFMINE/ORFmine/orfmine/orfribo/Test/SUPPLEMENTARY_DATA/Logs/Exome/Exome_awk.log ;rm -f /data/work/I2BC/fadwa.elkhaddar/BIM/ORFMINE/ORFmine/orfmine/orfribo/Test/DATA_PROCESSING/Exome/Exome_elongated.exons_tmp.gtf;sed -i 's/\s$//' /data/work/I2BC/fadwa.elkhaddar/BIM/ORFMINE/ORFmine/orfmine/orfribo/Test/DATA_PROCESSING/Exome/Exome_elongated.exons_Scer.gtf 2>> /data/work/I2BC/fadwa.elkhaddar/BIM/ORFMINE/ORFmine/orfmine/orfribo/Test/SUPPLEMENTARY_DATA/Logs/Exome/Exome_sed.log ;
[Tue Mar 26 18:55:22 2024]
Finished job 13.
3 of 11 steps (27%) done
Select jobs to execute...

[Tue Mar 26 18:55:22 2024]
rule riboWaltz_Exome:
    input: /data/work/I2BC/fadwa.elkhaddar/BIM/ORFMINE/ORFmine/orfmine/orfribo/Test/DATA_PROCESSING/Exome/Exome_elongated.exons_Scer.gtf, /data/work/I2BC/fadwa.elkhaddar/BIM/ORFMINE/ORFmine/orfmine/orfribo/config.yaml
    output: /data/work/I2BC/fadwa.elkhaddar/BIM/ORFMINE/ORFmine/orfmine/orfribo/Test/DATA_PROCESSING/RiboWaltz/SRR1562874/psite_offset.csv
    jobid: 12
    reason: Missing output files: /data/work/I2BC/fadwa.elkhaddar/BIM/ORFMINE/ORFmine/orfmine/orfribo/Test/DATA_PROCESSING/RiboWaltz/SRR1562874/psite_offset.csv; Input files updated by another job: /data/work/I2BC/fadwa.elkhaddar/BIM/ORFMINE/ORFmine/orfmine/orfribo/Test/DATA_PROCESSING/Exome/Exome_elongated.exons_Scer.gtf
    wildcards: sample=SRR1562874
    resources: tmpdir=/var/tmp/pbs.951401.pbsserver, mem_mb=2000

touch /data/work/I2BC/fadwa.elkhaddar/BIM/ORFMINE/ORFmine/orfmine/orfribo/Test/DATA_PROCESSING/RiboWaltz/SRR1562874/psite_offset.csv ; Rscript /data/work/I2BC/fadwa.elkhaddar/BIM/ORFMINE/ORFmine/orfmine/orfribo/Rscripts/periodicity_riboWaltz_exome.R /data/work/I2BC/fadwa.elkhaddar/BIM/ORFMINE/ORFmine/orfmine/orfribo/config.yaml /data/work/I2BC/fadwa.elkhaddar/BIM/ORFMINE/ORFmine/orfmine/orfribo/Test/DATA_PROCESSING/Exome/Exome_elongated.exons_Scer.gtf /data/work/I2BC/fadwa.elkhaddar/BIM/ORFMINE/ORFmine/orfmine/orfribo/Test/RESULTS/BAM/Exome/SRR1562874 /data/work/I2BC/fadwa.elkhaddar/BIM/ORFMINE/ORFmine/orfmine/orfribo/Test/DATA_PROCESSING/RiboWaltz/SRR1562874  2>  ; rm -f /data/work/I2BC/fadwa.elkhaddar/BIM/ORFMINE/ORFmine/orfmine/orfribo/Test/Rplots.pdf ; mkdir -p /data/work/I2BC/fadwa.elkhaddar/BIM/ORFMINE/ORFmine/orfmine/orfribo/Test/RESULTS/Psite  ; cp /data/work/I2BC/fadwa.elkhaddar/BIM/ORFMINE/ORFmine/orfmine/orfribo/Test/DATA_PROCESSING/RiboWaltz/SRR1562874/psite_offset.csv /data/work/I2BC/fadwa.elkhaddar/BIM/ORFMINE/ORFmine/orfmine/orfribo/Test/RESULTS/Psite 
[Tue Mar 26 18:55:22 2024]
Error in rule riboWaltz_Exome:
    jobid: 12
    output: /data/work/I2BC/fadwa.elkhaddar/BIM/ORFMINE/ORFmine/orfmine/orfribo/Test/DATA_PROCESSING/RiboWaltz/SRR1562874/psite_offset.csv
    shell:
        touch /data/work/I2BC/fadwa.elkhaddar/BIM/ORFMINE/ORFmine/orfmine/orfribo/Test/DATA_PROCESSING/RiboWaltz/SRR1562874/psite_offset.csv ; Rscript /data/work/I2BC/fadwa.elkhaddar/BIM/ORFMINE/ORFmine/orfmine/orfribo/Rscripts/periodicity_riboWaltz_exome.R /data/work/I2BC/fadwa.elkhaddar/BIM/ORFMINE/ORFmine/orfmine/orfribo/config.yaml /data/work/I2BC/fadwa.elkhaddar/BIM/ORFMINE/ORFmine/orfmine/orfribo/Test/DATA_PROCESSING/Exome/Exome_elongated.exons_Scer.gtf /data/work/I2BC/fadwa.elkhaddar/BIM/ORFMINE/ORFmine/orfmine/orfribo/Test/RESULTS/BAM/Exome/SRR1562874 /data/work/I2BC/fadwa.elkhaddar/BIM/ORFMINE/ORFmine/orfmine/orfribo/Test/DATA_PROCESSING/RiboWaltz/SRR1562874  2>  ; rm -f /data/work/I2BC/fadwa.elkhaddar/BIM/ORFMINE/ORFmine/orfmine/orfribo/Test/Rplots.pdf ; mkdir -p /data/work/I2BC/fadwa.elkhaddar/BIM/ORFMINE/ORFmine/orfmine/orfribo/Test/RESULTS/Psite  ; cp /data/work/I2BC/fadwa.elkhaddar/BIM/ORFMINE/ORFmine/orfmine/orfribo/Test/DATA_PROCESSING/RiboWaltz/SRR1562874/psite_offset.csv /data/work/I2BC/fadwa.elkhaddar/BIM/ORFMINE/ORFmine/orfmine/orfribo/Test/RESULTS/Psite 
        (one of the commands exited with non-zero exit code; note that snakemake uses bash strict mode!)

Shutting down, this might take some time.
Exiting because a job execution failed. Look above for error message
Complete log: .snakemake/log/2024-03-26T185038.164127.snakemake.log
