Config file /data/work/I2BC/fadwa.elkhaddar/BIM/ORFMINE/ORFmine/orfmine/orfribo/config.yaml is extended by additional config specified via the command line.
Building DAG of jobs...
Using shell: /usr/bin/bash
Provided cores: 1 (use --cores to define parallelism)
Rules claiming more threads will be scaled down.
Provided resources: mem_mb=2000000
Job stats:
job                      count    min threads    max threads
---------------------  -------  -------------  -------------
adapt_trimming               1              1              1
all                          1              1              1
find_adapter_sequence        1              1              1
total                        3              1              1

mkdir -p orfribo_20240322-152201/logs
echo 'RiboDoc version : 0.8.7' > orfribo_20240322-152201/SUPPLEMENTARY_DATA/Logs/RiboDoc_package_versions.txt
Select jobs to execute...

[Fri Mar 22 15:22:02 2024]
rule find_adapter_sequence:
    input: /data/work/I2BC/fadwa.elkhaddar/BIM/fastq/seq_test.fastq.gz
    output: orfribo_20240322-152201/DATA_PROCESSING/Trimming/Adapters/seq_test/seq_test.txt
    log: orfribo_20240322-152201/SUPPLEMENTARY_DATA/Logs/Trimming/Adapters/seq_test.rscript.log, orfribo_20240322-152201/SUPPLEMENTARY_DATA/Logs/Trimming/Adapters/seq_test.sed.log, orfribo_20240322-152201/SUPPLEMENTARY_DATA/Logs/Trimming/Adapters/seq_test.echo.log, orfribo_20240322-152201/SUPPLEMENTARY_DATA/Logs/Trimming/Adapters/seq_test.touch.log
    jobid: 1
    reason: Missing output files: orfribo_20240322-152201/DATA_PROCESSING/Trimming/Adapters/seq_test/seq_test.txt
    wildcards: sample=seq_test
    resources: tmpdir=/tmp

touch orfribo_20240322-152201/DATA_PROCESSING/Trimming/Adapters/seq_test/seq_test.txt 2> orfribo_20240322-152201/SUPPLEMENTARY_DATA/Logs/Trimming/Adapters/seq_test.touch.log;if [ -z  ]; then Rscript /data/work/I2BC/fadwa.elkhaddar/BIM/ORFMINE/ORFmine/orfmine/orfribo/Rscripts/find_adapter_sequence.R /data/work/I2BC/fadwa.elkhaddar/BIM/fastq/seq_test.fastq.gz  orfribo_20240322-152201/DATA_PROCESSING/Trimming/Adapters/seq_test 2> orfribo_20240322-152201/SUPPLEMENTARY_DATA/Logs/Trimming/Adapters/seq_test.rscript.log ;elif [ '0' = 'no' ]; then echo  1> orfribo_20240322-152201/DATA_PROCESSING/Trimming/Adapters/seq_test/seq_test.txt 2> orfribo_20240322-152201/SUPPLEMENTARY_DATA/Logs/Trimming/Adapters/seq_test.echo.log;fi;
[Fri Mar 22 15:22:07 2024]
Error in rule find_adapter_sequence:
    jobid: 1
    output: orfribo_20240322-152201/DATA_PROCESSING/Trimming/Adapters/seq_test/seq_test.txt
    log: orfribo_20240322-152201/SUPPLEMENTARY_DATA/Logs/Trimming/Adapters/seq_test.rscript.log, orfribo_20240322-152201/SUPPLEMENTARY_DATA/Logs/Trimming/Adapters/seq_test.sed.log, orfribo_20240322-152201/SUPPLEMENTARY_DATA/Logs/Trimming/Adapters/seq_test.echo.log, orfribo_20240322-152201/SUPPLEMENTARY_DATA/Logs/Trimming/Adapters/seq_test.touch.log (check log file(s) for error message)
    shell:
        touch orfribo_20240322-152201/DATA_PROCESSING/Trimming/Adapters/seq_test/seq_test.txt 2> orfribo_20240322-152201/SUPPLEMENTARY_DATA/Logs/Trimming/Adapters/seq_test.touch.log;if [ -z  ]; then Rscript /data/work/I2BC/fadwa.elkhaddar/BIM/ORFMINE/ORFmine/orfmine/orfribo/Rscripts/find_adapter_sequence.R /data/work/I2BC/fadwa.elkhaddar/BIM/fastq/seq_test.fastq.gz  orfribo_20240322-152201/DATA_PROCESSING/Trimming/Adapters/seq_test 2> orfribo_20240322-152201/SUPPLEMENTARY_DATA/Logs/Trimming/Adapters/seq_test.rscript.log ;elif [ '0' = 'no' ]; then echo  1> orfribo_20240322-152201/DATA_PROCESSING/Trimming/Adapters/seq_test/seq_test.txt 2> orfribo_20240322-152201/SUPPLEMENTARY_DATA/Logs/Trimming/Adapters/seq_test.echo.log;fi;
        (one of the commands exited with non-zero exit code; note that snakemake uses bash strict mode!)

Removing output files of failed job find_adapter_sequence since they might be corrupted:
orfribo_20240322-152201/DATA_PROCESSING/Trimming/Adapters/seq_test/seq_test.txt
Shutting down, this might take some time.
Exiting because a job execution failed. Look above for error message
Complete log: .snakemake/log/2024-03-22T152201.410634.snakemake.log
