Config file /data/work/I2BC/fadwa.elkhaddar/BIM/ORFMINE/ORFmine/orfmine/orfribo/config.yaml is extended by additional config specified via the command line.
Building DAG of jobs...
Using shell: /usr/bin/bash
Provided cores: 1 (use --cores to define parallelism)
Rules claiming more threads will be scaled down.
Provided resources: mem_mb=2000000
Job stats:
job                      count    min threads    max threads
---------------------  -------  -------------  -------------
adapt_trimming               2              1              1
all                          1              1              1
find_adapter_sequence        2              1              1
total                        5              1              1

mkdir -p orfribo_20240322-134344/logs
echo 'RiboDoc version : 0.8.7' > orfribo_20240322-134344/SUPPLEMENTARY_DATA/Logs/RiboDoc_package_versions.txt
Select jobs to execute...

[Fri Mar 22 13:43:45 2024]
rule find_adapter_sequence:
    input: /data/work/I2BC/fadwa.elkhaddar/BIM/fastq/SRR1562875.fastq.gz
    output: orfribo_20240322-134344/DATA_PROCESSING/Trimming/Adapters/SRR1562875/SRR1562875.txt
    log: orfribo_20240322-134344/SUPPLEMENTARY_DATA/Logs/Trimming/Adapters/SRR1562875.rscript.log, orfribo_20240322-134344/SUPPLEMENTARY_DATA/Logs/Trimming/Adapters/SRR1562875.sed.log, orfribo_20240322-134344/SUPPLEMENTARY_DATA/Logs/Trimming/Adapters/SRR1562875.echo.log, orfribo_20240322-134344/SUPPLEMENTARY_DATA/Logs/Trimming/Adapters/SRR1562875.touch.log
    jobid: 2
    reason: Missing output files: orfribo_20240322-134344/DATA_PROCESSING/Trimming/Adapters/SRR1562875/SRR1562875.txt
    wildcards: sample=SRR1562875
    resources: tmpdir=/tmp

touch orfribo_20240322-134344/DATA_PROCESSING/Trimming/Adapters/SRR1562875/SRR1562875.txt 2> orfribo_20240322-134344/SUPPLEMENTARY_DATA/Logs/Trimming/Adapters/SRR1562875.touch.log;if [ -z  ]; then Rscript /data/work/I2BC/fadwa.elkhaddar/BIM/ORFMINE/ORFmine/orfmine/orfribo/Rscripts/find_adapter_sequence.R /data/work/I2BC/fadwa.elkhaddar/BIM/fastq/SRR1562875.fastq.gz  orfribo_20240322-134344/DATA_PROCESSING/Trimming/Adapters/SRR1562875 2> orfribo_20240322-134344/SUPPLEMENTARY_DATA/Logs/Trimming/Adapters/SRR1562875.rscript.log ;elif [ '0' = 'no' ]; then echo  1> orfribo_20240322-134344/DATA_PROCESSING/Trimming/Adapters/SRR1562875/SRR1562875.txt 2> orfribo_20240322-134344/SUPPLEMENTARY_DATA/Logs/Trimming/Adapters/SRR1562875.echo.log;fi;
[Fri Mar 22 13:47:16 2024]
Finished job 2.
1 of 5 steps (20%) done
Select jobs to execute...

[Fri Mar 22 13:47:16 2024]
rule find_adapter_sequence:
    input: /data/work/I2BC/fadwa.elkhaddar/BIM/fastq/SRR1562874.fastq.gz
    output: orfribo_20240322-134344/DATA_PROCESSING/Trimming/Adapters/SRR1562874/SRR1562874.txt
    log: orfribo_20240322-134344/SUPPLEMENTARY_DATA/Logs/Trimming/Adapters/SRR1562874.rscript.log, orfribo_20240322-134344/SUPPLEMENTARY_DATA/Logs/Trimming/Adapters/SRR1562874.sed.log, orfribo_20240322-134344/SUPPLEMENTARY_DATA/Logs/Trimming/Adapters/SRR1562874.echo.log, orfribo_20240322-134344/SUPPLEMENTARY_DATA/Logs/Trimming/Adapters/SRR1562874.touch.log
    jobid: 1
    reason: Missing output files: orfribo_20240322-134344/DATA_PROCESSING/Trimming/Adapters/SRR1562874/SRR1562874.txt
    wildcards: sample=SRR1562874
    resources: tmpdir=/tmp

touch orfribo_20240322-134344/DATA_PROCESSING/Trimming/Adapters/SRR1562874/SRR1562874.txt 2> orfribo_20240322-134344/SUPPLEMENTARY_DATA/Logs/Trimming/Adapters/SRR1562874.touch.log;if [ -z  ]; then Rscript /data/work/I2BC/fadwa.elkhaddar/BIM/ORFMINE/ORFmine/orfmine/orfribo/Rscripts/find_adapter_sequence.R /data/work/I2BC/fadwa.elkhaddar/BIM/fastq/SRR1562874.fastq.gz  orfribo_20240322-134344/DATA_PROCESSING/Trimming/Adapters/SRR1562874 2> orfribo_20240322-134344/SUPPLEMENTARY_DATA/Logs/Trimming/Adapters/SRR1562874.rscript.log ;elif [ '0' = 'no' ]; then echo  1> orfribo_20240322-134344/DATA_PROCESSING/Trimming/Adapters/SRR1562874/SRR1562874.txt 2> orfribo_20240322-134344/SUPPLEMENTARY_DATA/Logs/Trimming/Adapters/SRR1562874.echo.log;fi;
[Fri Mar 22 13:50:25 2024]
Finished job 1.
2 of 5 steps (40%) done
Select jobs to execute...

[Fri Mar 22 13:50:25 2024]
rule adapt_trimming:
    input: /data/work/I2BC/fadwa.elkhaddar/BIM/fastq/SRR1562874.fastq.gz, orfribo_20240322-134344/DATA_PROCESSING/Trimming/Adapters/SRR1562874/SRR1562874.txt
    output: orfribo_20240322-134344/DATA_PROCESSING/Trimming/Trimmed_fastq/SRR1562874/SRR1562874.cutadapt.25-35.fastq.gz
    log: orfribo_20240322-134344/SUPPLEMENTARY_DATA/Logs/Trimming/Trimmed_fastq/SRR1562874_trim_value.log, orfribo_20240322-134344/SUPPLEMENTARY_DATA/Logs/Trimming/Trimmed_fastq/SRR1562874_cutadapt.log, orfribo_20240322-134344/SUPPLEMENTARY_DATA/Logs/Trimming/Trimmed_fastq/SRR1562874_adapt_trimming.log
    jobid: 3
    benchmark: orfribo_20240322-134344/SUPPLEMENTARY_DATA/Benchmarks/Trimming/Trimmed_fastq/SRR1562874_adapt_trimming.txt
    reason: Missing output files: orfribo_20240322-134344/DATA_PROCESSING/Trimming/Trimmed_fastq/SRR1562874/SRR1562874.cutadapt.25-35.fastq.gz; Input files updated by another job: orfribo_20240322-134344/DATA_PROCESSING/Trimming/Adapters/SRR1562874/SRR1562874.txt
    wildcards: sample=SRR1562874
    resources: tmpdir=/tmp, mem_mb=2000


        adapter_sequence=$(cat orfribo_20240322-134344/DATA_PROCESSING/Trimming/Adapters/SRR1562874/SRR1562874.txt)
        if [[ '" + ARE_ADAPTERS_TRIMMED + "' -eq 0 ]]; then
            trim="-a $adapter_sequence --trimmed-only"
            echo "Trim value: $trim" > orfribo_20240322-134344/SUPPLEMENTARY_DATA/Logs/Trimming/Trimmed_fastq/SRR1562874_trim_value.log
            cutadapt $trim -e 0.125 -j 1 --max-n=1 -m  MIN_READ_LENGTH -M MAX_READ_LENGTH -o orfribo_20240322-134344/DATA_PROCESSING/Trimming/Trimmed_fastq/SRR1562874/SRR1562874.cutadapt.25-35.fastq.gz /data/work/I2BC/fadwa.elkhaddar/BIM/fastq/SRR1562874.fastq.gz 1>> orfribo_20240322-134344/SUPPLEMENTARY_DATA/Logs/Trimming/Trimmed_fastq/SRR1562874_adapt_trimming.log 2> orfribo_20240322-134344/SUPPLEMENTARY_DATA/Logs/Trimming/Trimmed_fastq/SRR1562874_cutadapt.log
        else
            ln -s /data/work/I2BC/fadwa.elkhaddar/BIM/fastq/SRR1562874.fastq.gz orfribo_20240322-134344/DATA_PROCESSING/Trimming/Trimmed_fastq/SRR1562874/SRR1562874.cutadapt.25-35.fastq.gz
            echo "Reads are already trimmed." > orfribo_20240322-134344/SUPPLEMENTARY_DATA/Logs/Trimming/Trimmed_fastq/SRR1562874_adapt_trimming.log
        fi
        
Benchmark: unable to collect cpu and memory benchmark statistics
[Fri Mar 22 13:50:25 2024]
Finished job 3.
3 of 5 steps (60%) done
Select jobs to execute...

[Fri Mar 22 13:50:25 2024]
rule adapt_trimming:
    input: /data/work/I2BC/fadwa.elkhaddar/BIM/fastq/SRR1562875.fastq.gz, orfribo_20240322-134344/DATA_PROCESSING/Trimming/Adapters/SRR1562875/SRR1562875.txt
    output: orfribo_20240322-134344/DATA_PROCESSING/Trimming/Trimmed_fastq/SRR1562875/SRR1562875.cutadapt.25-35.fastq.gz
    log: orfribo_20240322-134344/SUPPLEMENTARY_DATA/Logs/Trimming/Trimmed_fastq/SRR1562875_trim_value.log, orfribo_20240322-134344/SUPPLEMENTARY_DATA/Logs/Trimming/Trimmed_fastq/SRR1562875_cutadapt.log, orfribo_20240322-134344/SUPPLEMENTARY_DATA/Logs/Trimming/Trimmed_fastq/SRR1562875_adapt_trimming.log
    jobid: 4
    benchmark: orfribo_20240322-134344/SUPPLEMENTARY_DATA/Benchmarks/Trimming/Trimmed_fastq/SRR1562875_adapt_trimming.txt
    reason: Missing output files: orfribo_20240322-134344/DATA_PROCESSING/Trimming/Trimmed_fastq/SRR1562875/SRR1562875.cutadapt.25-35.fastq.gz; Input files updated by another job: orfribo_20240322-134344/DATA_PROCESSING/Trimming/Adapters/SRR1562875/SRR1562875.txt
    wildcards: sample=SRR1562875
    resources: tmpdir=/tmp, mem_mb=2000


        adapter_sequence=$(cat orfribo_20240322-134344/DATA_PROCESSING/Trimming/Adapters/SRR1562875/SRR1562875.txt)
        if [[ '" + ARE_ADAPTERS_TRIMMED + "' -eq 0 ]]; then
            trim="-a $adapter_sequence --trimmed-only"
            echo "Trim value: $trim" > orfribo_20240322-134344/SUPPLEMENTARY_DATA/Logs/Trimming/Trimmed_fastq/SRR1562875_trim_value.log
            cutadapt $trim -e 0.125 -j 1 --max-n=1 -m  MIN_READ_LENGTH -M MAX_READ_LENGTH -o orfribo_20240322-134344/DATA_PROCESSING/Trimming/Trimmed_fastq/SRR1562875/SRR1562875.cutadapt.25-35.fastq.gz /data/work/I2BC/fadwa.elkhaddar/BIM/fastq/SRR1562875.fastq.gz 1>> orfribo_20240322-134344/SUPPLEMENTARY_DATA/Logs/Trimming/Trimmed_fastq/SRR1562875_adapt_trimming.log 2> orfribo_20240322-134344/SUPPLEMENTARY_DATA/Logs/Trimming/Trimmed_fastq/SRR1562875_cutadapt.log
        else
            ln -s /data/work/I2BC/fadwa.elkhaddar/BIM/fastq/SRR1562875.fastq.gz orfribo_20240322-134344/DATA_PROCESSING/Trimming/Trimmed_fastq/SRR1562875/SRR1562875.cutadapt.25-35.fastq.gz
            echo "Reads are already trimmed." > orfribo_20240322-134344/SUPPLEMENTARY_DATA/Logs/Trimming/Trimmed_fastq/SRR1562875_adapt_trimming.log
        fi
        
[Fri Mar 22 13:50:25 2024]
Finished job 4.
4 of 5 steps (80%) done
Select jobs to execute...

[Fri Mar 22 13:50:25 2024]
localrule all:
    input: orfribo_20240322-134344/DATA_PROCESSING/Trimming/Adapters/SRR1562874/SRR1562874.txt, orfribo_20240322-134344/DATA_PROCESSING/Trimming/Adapters/SRR1562875/SRR1562875.txt, orfribo_20240322-134344/DATA_PROCESSING/Trimming/Trimmed_fastq/SRR1562874/SRR1562874.cutadapt.25-35.fastq.gz, orfribo_20240322-134344/DATA_PROCESSING/Trimming/Trimmed_fastq/SRR1562875/SRR1562875.cutadapt.25-35.fastq.gz
    jobid: 0
    reason: Input files updated by another job: orfribo_20240322-134344/DATA_PROCESSING/Trimming/Trimmed_fastq/SRR1562874/SRR1562874.cutadapt.25-35.fastq.gz, orfribo_20240322-134344/DATA_PROCESSING/Trimming/Trimmed_fastq/SRR1562875/SRR1562875.cutadapt.25-35.fastq.gz, orfribo_20240322-134344/DATA_PROCESSING/Trimming/Adapters/SRR1562875/SRR1562875.txt, orfribo_20240322-134344/DATA_PROCESSING/Trimming/Adapters/SRR1562874/SRR1562874.txt
    resources: tmpdir=/tmp

[Fri Mar 22 13:50:25 2024]
Finished job 0.
5 of 5 steps (100%) done
Complete log: .snakemake/log/2024-03-22T134344.348467.snakemake.log
