Config file /data/work/I2BC/fadwa.elkhaddar/BIM/ORFMINE/ORFmine/orfmine/orfribo/config.yaml is extended by additional config specified via the command line.
Building DAG of jobs...
Using shell: /usr/bin/bash
Provided cores: 1 (use --cores to define parallelism)
Rules claiming more threads will be scaled down.
Provided resources: mem_mb=2000000
Job stats:
job                            count    min threads    max threads
---------------------------  -------  -------------  -------------
Mapping_Exome_STAR_Bowtie2         1              1              1
Mapping_Genome_STAR_Bowtie2        1              1              1
all                                1              1              1
bowtie_run_OutRNA                  1              1              1
index_outRNA_BOWTIE2               1              1              1
make_fastqc                        1              1              1
riboWaltz_Exome                    1              1              1
samtools_filter_Exome              1              1              1
samtools_index_Exome               1              1              1
total                              9              1              1

mkdir -p /data/work/I2BC/fadwa.elkhaddar/BIM/ORFMINE/ORFmine/orfmine/orfribo/Test/logs
echo 'RiboDoc version : 0.8.7' > /data/work/I2BC/fadwa.elkhaddar/BIM/ORFMINE/ORFmine/orfmine/orfribo/Test/SUPPLEMENTARY_DATA/Logs/RiboDoc_package_versions.txt
Select jobs to execute...

[Wed Mar 27 13:50:58 2024]
rule riboWaltz_Exome:
    input: /data/work/I2BC/fadwa.elkhaddar/BIM/ORFMINE/ORFmine/orfmine/orfribo/Test/DATA_PROCESSING/Exome/Exome_elongated.exons_Scer.gtf, /data/work/I2BC/fadwa.elkhaddar/BIM/ORFMINE/ORFmine/orfmine/orfribo/config.yaml
    output: /data/work/I2BC/fadwa.elkhaddar/BIM/ORFMINE/ORFmine/orfmine/orfribo/Test/DATA_PROCESSING/RiboWaltz/SRR1562875/psite_offset.csv
    jobid: 16
    reason: Missing output files: /data/work/I2BC/fadwa.elkhaddar/BIM/ORFMINE/ORFmine/orfmine/orfribo/Test/DATA_PROCESSING/RiboWaltz/SRR1562875/psite_offset.csv
    wildcards: sample=SRR1562875
    resources: tmpdir=/var/tmp/pbs.951492.pbsserver, mem_mb=2000

touch /data/work/I2BC/fadwa.elkhaddar/BIM/ORFMINE/ORFmine/orfmine/orfribo/Test/DATA_PROCESSING/RiboWaltz/SRR1562875/psite_offset.csv ; Rscript /data/work/I2BC/fadwa.elkhaddar/BIM/ORFMINE/ORFmine/orfmine/orfribo/Rscripts/periodicity_riboWaltz_exome_original.R /data/work/I2BC/fadwa.elkhaddar/BIM/ORFMINE/ORFmine/orfmine/orfribo/config.yaml /data/work/I2BC/fadwa.elkhaddar/BIM/ORFMINE/ORFmine/orfmine/orfribo/Test/DATA_PROCESSING/Exome/Exome_elongated.exons_Scer.gtf /data/work/I2BC/fadwa.elkhaddar/BIM/ORFMINE/ORFmine/orfmine/orfribo/Test/RESULTS/BAM/Exome/SRR1562875 /data/work/I2BC/fadwa.elkhaddar/BIM/ORFMINE/ORFmine/orfmine/orfribo/Test/DATA_PROCESSING/RiboWaltz/SRR1562875  ; rm -f /data/work/I2BC/fadwa.elkhaddar/BIM/ORFMINE/ORFmine/orfmine/orfribo/Test/Rplots.pdf ; mkdir -p /data/work/I2BC/fadwa.elkhaddar/BIM/ORFMINE/ORFmine/orfmine/orfribo/Test/RESULTS/Psite  ; cp /data/work/I2BC/fadwa.elkhaddar/BIM/ORFMINE/ORFmine/orfmine/orfribo/Test/DATA_PROCESSING/RiboWaltz/SRR1562875/psite_offset.csv /data/work/I2BC/fadwa.elkhaddar/BIM/ORFMINE/ORFmine/orfmine/orfribo/Test/RESULTS/Psite 
Terminating processes on user request, this might take some time.
[Wed Mar 27 13:51:07 2024]
Error in rule riboWaltz_Exome:
    jobid: 16
    output: /data/work/I2BC/fadwa.elkhaddar/BIM/ORFMINE/ORFmine/orfmine/orfribo/Test/DATA_PROCESSING/RiboWaltz/SRR1562875/psite_offset.csv
    shell:
        touch /data/work/I2BC/fadwa.elkhaddar/BIM/ORFMINE/ORFmine/orfmine/orfribo/Test/DATA_PROCESSING/RiboWaltz/SRR1562875/psite_offset.csv ; Rscript /data/work/I2BC/fadwa.elkhaddar/BIM/ORFMINE/ORFmine/orfmine/orfribo/Rscripts/periodicity_riboWaltz_exome_original.R /data/work/I2BC/fadwa.elkhaddar/BIM/ORFMINE/ORFmine/orfmine/orfribo/config.yaml /data/work/I2BC/fadwa.elkhaddar/BIM/ORFMINE/ORFmine/orfmine/orfribo/Test/DATA_PROCESSING/Exome/Exome_elongated.exons_Scer.gtf /data/work/I2BC/fadwa.elkhaddar/BIM/ORFMINE/ORFmine/orfmine/orfribo/Test/RESULTS/BAM/Exome/SRR1562875 /data/work/I2BC/fadwa.elkhaddar/BIM/ORFMINE/ORFmine/orfmine/orfribo/Test/DATA_PROCESSING/RiboWaltz/SRR1562875  ; rm -f /data/work/I2BC/fadwa.elkhaddar/BIM/ORFMINE/ORFmine/orfmine/orfribo/Test/Rplots.pdf ; mkdir -p /data/work/I2BC/fadwa.elkhaddar/BIM/ORFMINE/ORFmine/orfmine/orfribo/Test/RESULTS/Psite  ; cp /data/work/I2BC/fadwa.elkhaddar/BIM/ORFMINE/ORFmine/orfmine/orfribo/Test/DATA_PROCESSING/RiboWaltz/SRR1562875/psite_offset.csv /data/work/I2BC/fadwa.elkhaddar/BIM/ORFMINE/ORFmine/orfmine/orfribo/Test/RESULTS/Psite 
        (one of the commands exited with non-zero exit code; note that snakemake uses bash strict mode!)

Complete log: .snakemake/log/2024-03-27T135057.208208.snakemake.log
