Config file /data/work/I2BC/fadwa.elkhaddar/BIM/ORFMINE/ORFmine/orfmine/orfribo/config.yaml is extended by additional config specified via the command line.
Building DAG of jobs...
Using shell: /usr/bin/bash
Provided cores: 1 (use --cores to define parallelism)
Rules claiming more threads will be scaled down.
Provided resources: mem_mb=2000000
Job stats:
job                             count    min threads    max threads
----------------------------  -------  -------------  -------------
Exome_construction_gtf              1              1              1
Mapping_Exome_STAR_Bowtie2          1              1              1
Mapping_Genome_HISAT_Bowtie2        1              1              1
ORFget                              1              1              1
adapt_trimming                      1              1              1
all                                 1              1              1
find_adapter_sequence               1              1              1
index_Exome_BOWTIE2                 1              1              1
index_Exome_HISAT2                  1              1              1
index_reference_BOWTIE2             1              1              1
index_reference_HISAT2              1              1              1
make_fastqc                         1              1              1
name_CDS                            1              1              1
riboWaltz_Exome                     1              1              1
total                              14              1              1

mkdir -p orfribo_20240326-163543/logs
echo 'RiboDoc version : 0.8.7' > orfribo_20240326-163543/SUPPLEMENTARY_DATA/Logs/RiboDoc_package_versions.txt
Select jobs to execute...

[Tue Mar 26 16:35:45 2024]
rule name_CDS:
    input: /data/work/I2BC/fadwa.elkhaddar/BIM/orfmine_tutorial/ORFmine/examples/database/Scer.gff
    output: orfribo_20240326-163543/DATA_PROCESSING/Edited_Gff/Named.CDS_Scer.gff
    jobid: 2
    reason: Missing output files: orfribo_20240326-163543/DATA_PROCESSING/Edited_Gff/Named.CDS_Scer.gff
    resources: tmpdir=/var/tmp/pbs.951170.pbsserver

[Tue Mar 26 16:35:47 2024]
Finished job 2.
1 of 14 steps (7%) done
Select jobs to execute...

[Tue Mar 26 16:35:47 2024]
rule ORFget:
    input: /data/work/I2BC/fadwa.elkhaddar/BIM/orfmine_tutorial/ORFmine/examples/database/Scer.fna, orfribo_20240326-163543/DATA_PROCESSING/Edited_Gff/Named.CDS_Scer.gff
    output: orfribo_20240326-163543/DATA_PROCESSING/Exome/Exome_elongated.nfasta, orfribo_20240326-163543/DATA_PROCESSING/Exome/Exome_elongated.gff, orfribo_20240326-163543/DATA_PROCESSING/Exome/Exome_elongated_with_gene_features.gff
    log: orfribo_20240326-163543/SUPPLEMENTARY_DATA/Logs/Exome/Exome_ORFget.log
    jobid: 8
    benchmark: orfribo_20240326-163543/SUPPLEMENTARY_DATA/Benchmarks/Exome/Exome_ORFget.benchmark.txt
    reason: Missing output files: orfribo_20240326-163543/DATA_PROCESSING/Exome/Exome_elongated_with_gene_features.gff, orfribo_20240326-163543/DATA_PROCESSING/Exome/Exome_elongated.nfasta; Input files updated by another job: orfribo_20240326-163543/DATA_PROCESSING/Edited_Gff/Named.CDS_Scer.gff
    resources: tmpdir=/var/tmp/pbs.951170.pbsserver

gff2prot --fna /data/work/I2BC/fadwa.elkhaddar/BIM/orfmine_tutorial/ORFmine/examples/database/Scer.fna --gff orfribo_20240326-163543/DATA_PROCESSING/Edited_Gff/Named.CDS_Scer.gff --features CDS --outdir orfribo_20240326-163543/DATA_PROCESSING/Exome --out-basename Exome_elongated --nucleic --elongate 50 --stop-end; mv orfribo_20240326-163543/DATA_PROCESSING/Exome/Exome_elongated.gff orfribo_20240326-163543/DATA_PROCESSING/Exome/Exome_elongated_with_gene_features.gff;awk '$3 !~ /gene/' orfribo_20240326-163543/DATA_PROCESSING/Exome/Exome_elongated_with_gene_features.gff > orfribo_20240326-163543/DATA_PROCESSING/Exome/Exome_elongated.gff;
[Tue Mar 26 16:36:53 2024]
Finished job 8.
2 of 14 steps (14%) done
Select jobs to execute...

[Tue Mar 26 16:36:53 2024]
rule index_Exome_HISAT2:
    input: orfribo_20240326-163543/DATA_PROCESSING/Exome/Exome_elongated.nfasta
    output: orfribo_20240326-163543/DATA_PROCESSING/Mapping/Exome/Hisat2/Index/index_hisat2.1.ht2, orfribo_20240326-163543/DATA_PROCESSING/Mapping/Exome/Hisat2/Index/index_hisat2.2.ht2, orfribo_20240326-163543/DATA_PROCESSING/Mapping/Exome/Hisat2/Index/index_hisat2.3.ht2, orfribo_20240326-163543/DATA_PROCESSING/Mapping/Exome/Hisat2/Index/index_hisat2.4.ht2, orfribo_20240326-163543/DATA_PROCESSING/Mapping/Exome/Hisat2/Index/index_hisat2.5.ht2, orfribo_20240326-163543/DATA_PROCESSING/Mapping/Exome/Hisat2/Index/index_hisat2.6.ht2, orfribo_20240326-163543/DATA_PROCESSING/Mapping/Exome/Hisat2/Index/index_hisat2.7.ht2, orfribo_20240326-163543/DATA_PROCESSING/Mapping/Exome/Hisat2/Index/index_hisat2.8.ht2
    log: orfribo_20240326-163543/SUPPLEMENTARY_DATA/Logs/Mapping/Exome/Hisat2/Index/Exome_index.log
    jobid: 10
    benchmark: orfribo_20240326-163543/SUPPLEMENTARY_DATA/Benchmarks/Mapping/Exome/Hisat2/Index/Exome_index.benchmark.txt
    reason: Missing output files: orfribo_20240326-163543/DATA_PROCESSING/Mapping/Exome/Hisat2/Index/index_hisat2.1.ht2, orfribo_20240326-163543/DATA_PROCESSING/Mapping/Exome/Hisat2/Index/index_hisat2.8.ht2, orfribo_20240326-163543/DATA_PROCESSING/Mapping/Exome/Hisat2/Index/index_hisat2.7.ht2, orfribo_20240326-163543/DATA_PROCESSING/Mapping/Exome/Hisat2/Index/index_hisat2.2.ht2, orfribo_20240326-163543/DATA_PROCESSING/Mapping/Exome/Hisat2/Index/index_hisat2.4.ht2, orfribo_20240326-163543/DATA_PROCESSING/Mapping/Exome/Hisat2/Index/index_hisat2.6.ht2, orfribo_20240326-163543/DATA_PROCESSING/Mapping/Exome/Hisat2/Index/index_hisat2.3.ht2, orfribo_20240326-163543/DATA_PROCESSING/Mapping/Exome/Hisat2/Index/index_hisat2.5.ht2; Input files updated by another job: orfribo_20240326-163543/DATA_PROCESSING/Exome/Exome_elongated.nfasta
    resources: tmpdir=/var/tmp/pbs.951170.pbsserver

hisat2-build --threads 1 orfribo_20240326-163543/DATA_PROCESSING/Exome/Exome_elongated.nfasta orfribo_20240326-163543/DATA_PROCESSING/Mapping/Exome/Hisat2/Index/index_hisat2 &> orfribo_20240326-163543/SUPPLEMENTARY_DATA/Logs/Mapping/Exome/Hisat2/Index/Exome_index.log ;
[Tue Mar 26 16:37:00 2024]
Finished job 10.
3 of 14 steps (21%) done
Select jobs to execute...

[Tue Mar 26 16:37:00 2024]
rule find_adapter_sequence:
    input: /data/work/I2BC/fadwa.elkhaddar/BIM/fastq/SRR1562874.fastq.gz
    output: orfribo_20240326-163543/DATA_PROCESSING/Trimming/Adapters/SRR1562874/SRR1562874.txt
    log: orfribo_20240326-163543/SUPPLEMENTARY_DATA/Logs/Trimming/Adapters/SRR1562874.rscript.log, orfribo_20240326-163543/SUPPLEMENTARY_DATA/Logs/Trimming/Adapters/SRR1562874.sed.log, orfribo_20240326-163543/SUPPLEMENTARY_DATA/Logs/Trimming/Adapters/SRR1562874.echo.log, orfribo_20240326-163543/SUPPLEMENTARY_DATA/Logs/Trimming/Adapters/SRR1562874.touch.log
    jobid: 5
    reason: Missing output files: orfribo_20240326-163543/DATA_PROCESSING/Trimming/Adapters/SRR1562874/SRR1562874.txt
    wildcards: sample=SRR1562874
    resources: tmpdir=/var/tmp/pbs.951170.pbsserver

touch orfribo_20240326-163543/DATA_PROCESSING/Trimming/Adapters/SRR1562874/SRR1562874.txt 2> orfribo_20240326-163543/SUPPLEMENTARY_DATA/Logs/Trimming/Adapters/SRR1562874.touch.log;if [ -z  ]; then Rscript /data/work/I2BC/fadwa.elkhaddar/BIM/ORFMINE/ORFmine/orfmine/orfribo/Rscripts/find_adapter_sequence.R /data/work/I2BC/fadwa.elkhaddar/BIM/fastq/SRR1562874.fastq.gz  orfribo_20240326-163543/DATA_PROCESSING/Trimming/Adapters/SRR1562874 2> orfribo_20240326-163543/SUPPLEMENTARY_DATA/Logs/Trimming/Adapters/SRR1562874.rscript.log ;elif [ '0' = 'no' ]; then echo  1> orfribo_20240326-163543/DATA_PROCESSING/Trimming/Adapters/SRR1562874/SRR1562874.txt 2> orfribo_20240326-163543/SUPPLEMENTARY_DATA/Logs/Trimming/Adapters/SRR1562874.echo.log;fi;
[Tue Mar 26 16:41:21 2024]
Finished job 5.
4 of 14 steps (29%) done
Select jobs to execute...

[Tue Mar 26 16:41:21 2024]
rule adapt_trimming:
    input: /data/work/I2BC/fadwa.elkhaddar/BIM/fastq/SRR1562874.fastq.gz, orfribo_20240326-163543/DATA_PROCESSING/Trimming/Adapters/SRR1562874/SRR1562874.txt
    output: orfribo_20240326-163543/DATA_PROCESSING/Trimming/Trimmed_fastq/SRR1562874/SRR1562874.cutadapt.25-35.fastq.gz
    log: orfribo_20240326-163543/SUPPLEMENTARY_DATA/Logs/Trimming/Trimmed_fastq/SRR1562874_trim_value.log, orfribo_20240326-163543/SUPPLEMENTARY_DATA/Logs/Trimming/Trimmed_fastq/SRR1562874_cutadapt.log, orfribo_20240326-163543/SUPPLEMENTARY_DATA/Logs/Trimming/Trimmed_fastq/SRR1562874_adapt_trimming.log
    jobid: 4
    benchmark: orfribo_20240326-163543/SUPPLEMENTARY_DATA/Benchmarks/Trimming/Trimmed_fastq/SRR1562874_adapt_trimming.txt
    reason: Missing output files: orfribo_20240326-163543/DATA_PROCESSING/Trimming/Trimmed_fastq/SRR1562874/SRR1562874.cutadapt.25-35.fastq.gz; Input files updated by another job: orfribo_20240326-163543/DATA_PROCESSING/Trimming/Adapters/SRR1562874/SRR1562874.txt
    wildcards: sample=SRR1562874
    resources: tmpdir=/var/tmp/pbs.951170.pbsserver, mem_mb=2000


        adapter_sequence=$(cat orfribo_20240326-163543/DATA_PROCESSING/Trimming/Adapters/SRR1562874/SRR1562874.txt)
        if [ ARE_ADAPTERS_TRIMMED == "0" ]; then
            trim="-a $adapter_sequence --trimmed-only"
            echo "Trim value: $trim" > orfribo_20240326-163543/SUPPLEMENTARY_DATA/Logs/Trimming/Trimmed_fastq/SRR1562874_trim_value.log
            cutadapt $trim -e 0.125 -j 1 --max-n=1 -m  MIN_READ_LENGTH -M MAX_READ_LENGTH -o orfribo_20240326-163543/DATA_PROCESSING/Trimming/Trimmed_fastq/SRR1562874/SRR1562874.cutadapt.25-35.fastq.gz /data/work/I2BC/fadwa.elkhaddar/BIM/fastq/SRR1562874.fastq.gz 1>> orfribo_20240326-163543/SUPPLEMENTARY_DATA/Logs/Trimming/Trimmed_fastq/SRR1562874_adapt_trimming.log 2> orfribo_20240326-163543/SUPPLEMENTARY_DATA/Logs/Trimming/Trimmed_fastq/SRR1562874_cutadapt.log
        else
            ln -s /data/work/I2BC/fadwa.elkhaddar/BIM/fastq/SRR1562874.fastq.gz orfribo_20240326-163543/DATA_PROCESSING/Trimming/Trimmed_fastq/SRR1562874/SRR1562874.cutadapt.25-35.fastq.gz
            echo "Reads are already trimmed." > orfribo_20240326-163543/SUPPLEMENTARY_DATA/Logs/Trimming/Trimmed_fastq/SRR1562874_adapt_trimming.log
        fi
        
[Tue Mar 26 16:41:22 2024]
Finished job 4.
5 of 14 steps (36%) done
Select jobs to execute...

[Tue Mar 26 16:41:22 2024]
rule Exome_construction_gtf:
    input: orfribo_20240326-163543/DATA_PROCESSING/Exome/Exome_elongated.nfasta, orfribo_20240326-163543/DATA_PROCESSING/Exome/Exome_elongated_with_gene_features.gff
    output: orfribo_20240326-163543/DATA_PROCESSING/Exome/Exome_elongated.exons_Scer.fna, orfribo_20240326-163543/DATA_PROCESSING/Exome/Exome_elongated.exons_Scer.gtf
    log: orfribo_20240326-163543/SUPPLEMENTARY_DATA/Logs/Exome/Exome_samtools_index.log, orfribo_20240326-163543/SUPPLEMENTARY_DATA/Logs/Exome/Exome_gffread.log, orfribo_20240326-163543/SUPPLEMENTARY_DATA/Logs/Exome/Exome_sed.log, orfribo_20240326-163543/SUPPLEMENTARY_DATA/Logs/Exome/Exome_awk.log
    jobid: 13
    benchmark: orfribo_20240326-163543/SUPPLEMENTARY_DATA/Benchmarks/Benchmark/Exome/Exome.benchmark.txt
    reason: Missing output files: orfribo_20240326-163543/DATA_PROCESSING/Exome/Exome_elongated.exons_Scer.gtf; Input files updated by another job: orfribo_20240326-163543/DATA_PROCESSING/Exome/Exome_elongated_with_gene_features.gff, orfribo_20240326-163543/DATA_PROCESSING/Exome/Exome_elongated.nfasta
    resources: tmpdir=/var/tmp/pbs.951170.pbsserver

samtools faidx orfribo_20240326-163543/DATA_PROCESSING/Exome/Exome_elongated.nfasta 2> orfribo_20240326-163543/SUPPLEMENTARY_DATA/Logs/Exome/Exome_samtools_index.log ;gffread -F -T -w orfribo_20240326-163543/DATA_PROCESSING/Exome/Exome_elongated.exons_Scer.fna -o orfribo_20240326-163543/DATA_PROCESSING/Exome/Exome_elongated.exons_tmp.gtf -g orfribo_20240326-163543/DATA_PROCESSING/Exome/Exome_elongated.nfasta orfribo_20240326-163543/DATA_PROCESSING/Exome/Exome_elongated_with_gene_features.gff 2> orfribo_20240326-163543/SUPPLEMENTARY_DATA/Logs/Exome/Exome_gffread.log ;sed -i 's/description[^\;]*\;//' orfribo_20240326-163543/DATA_PROCESSING/Exome/Exome_elongated.exons_tmp.gtf 2>> orfribo_20240326-163543/SUPPLEMENTARY_DATA/Logs/Exome/Exome_sed.log ;sed -i 's/\t[A-Z]*[_]*gene_segment\t/\ttranscript\t/' orfribo_20240326-163543/DATA_PROCESSING/Exome/Exome_elongated.exons_tmp.gtf 2>> orfribo_20240326-163543/SUPPLEMENTARY_DATA/Logs/Exome/Exome_sed.log ;awk -F '\t' '{if(NF<=9) {print($0);} else {for(field=1;field<9;field++) {printf("%s\t",$field);} for(field=9;field<=NF;field++) {printf("%s ",$field);} printf("\n");}}' orfribo_20240326-163543/DATA_PROCESSING/Exome/Exome_elongated.exons_tmp.gtf > orfribo_20240326-163543/DATA_PROCESSING/Exome/Exome_elongated.exons_Scer.gtf 2>> orfribo_20240326-163543/SUPPLEMENTARY_DATA/Logs/Exome/Exome_awk.log ;rm -f orfribo_20240326-163543/DATA_PROCESSING/Exome/Exome_elongated.exons_tmp.gtf;sed -i 's/\s$//' orfribo_20240326-163543/DATA_PROCESSING/Exome/Exome_elongated.exons_Scer.gtf 2>> orfribo_20240326-163543/SUPPLEMENTARY_DATA/Logs/Exome/Exome_sed.log ;
[Tue Mar 26 16:41:45 2024]
Finished job 13.
6 of 14 steps (43%) done
Select jobs to execute...

[Tue Mar 26 16:41:45 2024]
rule riboWaltz_Exome:
    input: orfribo_20240326-163543/DATA_PROCESSING/Exome/Exome_elongated.exons_Scer.gtf, /data/work/I2BC/fadwa.elkhaddar/BIM/ORFMINE/ORFmine/orfmine/orfribo/config.yaml
    output: orfribo_20240326-163543/DATA_PROCESSING/RiboWaltz/SRR1562874/psite_offset.csv
    jobid: 12
    reason: Missing output files: orfribo_20240326-163543/DATA_PROCESSING/RiboWaltz/SRR1562874/psite_offset.csv; Input files updated by another job: orfribo_20240326-163543/DATA_PROCESSING/Exome/Exome_elongated.exons_Scer.gtf
    wildcards: sample=SRR1562874
    resources: tmpdir=/var/tmp/pbs.951170.pbsserver, mem_mb=2000

touch orfribo_20240326-163543/DATA_PROCESSING/RiboWaltz/SRR1562874/psite_offset.csv ; Rscript /data/work/I2BC/fadwa.elkhaddar/BIM/ORFMINE/ORFmine/orfmine/orfribo/Rscripts/periodicity_riboWaltz_exome.R /data/work/I2BC/fadwa.elkhaddar/BIM/ORFMINE/ORFmine/orfmine/orfribo/config.yaml orfribo_20240326-163543/DATA_PROCESSING/Exome/Exome_elongated.exons_Scer.gtf orfribo_20240326-163543/RESULTS/BAM/Exome/SRR1562874 orfribo_20240326-163543/DATA_PROCESSING/RiboWaltz/SRR1562874  2>  ; rm -f orfribo_20240326-163543/Rplots.pdf ; mkdir -p orfribo_20240326-163543/RESULTS/Psite  ; cp orfribo_20240326-163543/DATA_PROCESSING/RiboWaltz/SRR1562874/psite_offset.csv orfribo_20240326-163543/RESULTS/Psite 
[Tue Mar 26 16:41:45 2024]
Error in rule riboWaltz_Exome:
    jobid: 12
    output: orfribo_20240326-163543/DATA_PROCESSING/RiboWaltz/SRR1562874/psite_offset.csv
    shell:
        touch orfribo_20240326-163543/DATA_PROCESSING/RiboWaltz/SRR1562874/psite_offset.csv ; Rscript /data/work/I2BC/fadwa.elkhaddar/BIM/ORFMINE/ORFmine/orfmine/orfribo/Rscripts/periodicity_riboWaltz_exome.R /data/work/I2BC/fadwa.elkhaddar/BIM/ORFMINE/ORFmine/orfmine/orfribo/config.yaml orfribo_20240326-163543/DATA_PROCESSING/Exome/Exome_elongated.exons_Scer.gtf orfribo_20240326-163543/RESULTS/BAM/Exome/SRR1562874 orfribo_20240326-163543/DATA_PROCESSING/RiboWaltz/SRR1562874  2>  ; rm -f orfribo_20240326-163543/Rplots.pdf ; mkdir -p orfribo_20240326-163543/RESULTS/Psite  ; cp orfribo_20240326-163543/DATA_PROCESSING/RiboWaltz/SRR1562874/psite_offset.csv orfribo_20240326-163543/RESULTS/Psite 
        (one of the commands exited with non-zero exit code; note that snakemake uses bash strict mode!)

Shutting down, this might take some time.
Exiting because a job execution failed. Look above for error message
Complete log: .snakemake/log/2024-03-26T163543.983040.snakemake.log
