Config file /data/work/I2BC/fadwa.elkhaddar/BIM/ORFMINE/ORFmine/orfmine/orfribo/config.yaml is extended by additional config specified via the command line.
Building DAG of jobs...
Using shell: /usr/bin/bash
Provided cores: 1 (use --cores to define parallelism)
Rules claiming more threads will be scaled down.
Provided resources: mem_mb=2000000
Job stats:
job                             count    min threads    max threads
----------------------------  -------  -------------  -------------
Mapping_Genome_HISAT_Bowtie2        1              1              1
adapt_trimming                      1              1              1
all                                 1              1              1
find_adapter_sequence               1              1              1
index_reference_BOWTIE2             1              1              1
index_reference_HISAT2              1              1              1
make_fastqc                         1              1              1
name_CDS                            1              1              1
total                               8              1              1

mkdir -p orfribo_20240326-142919/logs
echo 'RiboDoc version : 0.8.7' > orfribo_20240326-142919/SUPPLEMENTARY_DATA/Logs/RiboDoc_package_versions.txt
Select jobs to execute...

[Tue Mar 26 14:29:20 2024]
rule name_CDS:
    input: /data/work/I2BC/fadwa.elkhaddar/BIM/orfmine_tutorial/ORFmine/examples/database/Scer.gff
    output: orfribo_20240326-142919/DATA_PROCESSING/Edited_Gff/Named.CDS_Scer.gff
    jobid: 2
    reason: Missing output files: orfribo_20240326-142919/DATA_PROCESSING/Edited_Gff/Named.CDS_Scer.gff
    resources: tmpdir=/tmp

[Tue Mar 26 14:29:22 2024]
Finished job 2.
1 of 8 steps (12%) done
Select jobs to execute...

[Tue Mar 26 14:29:22 2024]
rule index_reference_BOWTIE2:
    input: /data/work/I2BC/fadwa.elkhaddar/BIM/orfmine_tutorial/ORFmine/examples/database/Scer.fna
    output: orfribo_20240326-142919/DATA_PROCESSING/Mapping/Orfium/Bowtie2/Index/index_bowtie2.1.bt2, orfribo_20240326-142919/DATA_PROCESSING/Mapping/Orfium/Bowtie2/Index/index_bowtie2.2.bt2, orfribo_20240326-142919/DATA_PROCESSING/Mapping/Orfium/Bowtie2/Index/index_bowtie2.3.bt2, orfribo_20240326-142919/DATA_PROCESSING/Mapping/Orfium/Bowtie2/Index/index_bowtie2.4.bt2, orfribo_20240326-142919/DATA_PROCESSING/Mapping/Orfium/Bowtie2/Index/index_bowtie2.rev.1.bt2, orfribo_20240326-142919/DATA_PROCESSING/Mapping/Orfium/Bowtie2/Index/index_bowtie2.rev.2.bt2
    log: orfribo_20240326-142919/SUPPLEMENTARY_DATA/Logs/Mapping/Orfium/Bowtie2/Index/Orfium_index.log
    jobid: 7
    benchmark: orfribo_20240326-142919/SUPPLEMENTARY_DATA/Benchmarks/Mapping/Orfium/Bowtie2/Index/Orfium_index.benchmark.txt
    reason: Missing output files: orfribo_20240326-142919/DATA_PROCESSING/Mapping/Orfium/Bowtie2/Index/index_bowtie2.rev.1.bt2, orfribo_20240326-142919/DATA_PROCESSING/Mapping/Orfium/Bowtie2/Index/index_bowtie2.2.bt2, orfribo_20240326-142919/DATA_PROCESSING/Mapping/Orfium/Bowtie2/Index/index_bowtie2.rev.2.bt2, orfribo_20240326-142919/DATA_PROCESSING/Mapping/Orfium/Bowtie2/Index/index_bowtie2.1.bt2, orfribo_20240326-142919/DATA_PROCESSING/Mapping/Orfium/Bowtie2/Index/index_bowtie2.3.bt2, orfribo_20240326-142919/DATA_PROCESSING/Mapping/Orfium/Bowtie2/Index/index_bowtie2.4.bt2
    resources: tmpdir=/tmp

bowtie2-build --threads 1 /data/work/I2BC/fadwa.elkhaddar/BIM/orfmine_tutorial/ORFmine/examples/database/Scer.fna orfribo_20240326-142919/DATA_PROCESSING/Mapping/Orfium/Bowtie2/Index/index_bowtie2 &> orfribo_20240326-142919/SUPPLEMENTARY_DATA/Logs/Mapping/Orfium/Bowtie2/Index/Orfium_index.log ;
[Tue Mar 26 14:29:34 2024]
Finished job 7.
2 of 8 steps (25%) done
Select jobs to execute...

[Tue Mar 26 14:29:34 2024]
rule make_fastqc:
    input: /data/work/I2BC/fadwa.elkhaddar/BIM/fastq/SRR1562874.fastq.gz
    output: orfribo_20240326-142919/DATA_PROCESSING/Quality_control/SRR1562874/SRR1562874_fastqc.zip, orfribo_20240326-142919/DATA_PROCESSING/Quality_control/SRR1562874/SRR1562874_fastqc.html
    log: orfribo_20240326-142919/SUPPLEMENTARY_DATA/Logs/Quality_control/SRR1562874.log
    jobid: 1
    benchmark: orfribo_20240326-142919/SUPPLEMENTARY_DATA/Benchmarks/Quality_control/SRR1562874_benchmark.txt
    reason: Missing output files: orfribo_20240326-142919/DATA_PROCESSING/Quality_control/SRR1562874/SRR1562874_fastqc.html
    wildcards: sample=SRR1562874
    resources: tmpdir=/tmp


	 fastqc /data/work/I2BC/fadwa.elkhaddar/BIM/fastq/SRR1562874.fastq.gz --outdir orfribo_20240326-142919/DATA_PROCESSING/Quality_control/SRR1562874 2> orfribo_20240326-142919/SUPPLEMENTARY_DATA/Logs/Quality_control/SRR1562874.log 
	
[Tue Mar 26 14:31:02 2024]
Finished job 1.
3 of 8 steps (38%) done
Select jobs to execute...

[Tue Mar 26 14:31:02 2024]
rule find_adapter_sequence:
    input: /data/work/I2BC/fadwa.elkhaddar/BIM/fastq/SRR1562874.fastq.gz
    output: orfribo_20240326-142919/DATA_PROCESSING/Trimming/Adapters/SRR1562874/SRR1562874.txt
    log: orfribo_20240326-142919/SUPPLEMENTARY_DATA/Logs/Trimming/Adapters/SRR1562874.rscript.log, orfribo_20240326-142919/SUPPLEMENTARY_DATA/Logs/Trimming/Adapters/SRR1562874.sed.log, orfribo_20240326-142919/SUPPLEMENTARY_DATA/Logs/Trimming/Adapters/SRR1562874.echo.log, orfribo_20240326-142919/SUPPLEMENTARY_DATA/Logs/Trimming/Adapters/SRR1562874.touch.log
    jobid: 5
    reason: Missing output files: orfribo_20240326-142919/DATA_PROCESSING/Trimming/Adapters/SRR1562874/SRR1562874.txt
    wildcards: sample=SRR1562874
    resources: tmpdir=/tmp

touch orfribo_20240326-142919/DATA_PROCESSING/Trimming/Adapters/SRR1562874/SRR1562874.txt 2> orfribo_20240326-142919/SUPPLEMENTARY_DATA/Logs/Trimming/Adapters/SRR1562874.touch.log;if [ -z  ]; then Rscript /data/work/I2BC/fadwa.elkhaddar/BIM/ORFMINE/ORFmine/orfmine/orfribo/Rscripts/find_adapter_sequence.R /data/work/I2BC/fadwa.elkhaddar/BIM/fastq/SRR1562874.fastq.gz  orfribo_20240326-142919/DATA_PROCESSING/Trimming/Adapters/SRR1562874 2> orfribo_20240326-142919/SUPPLEMENTARY_DATA/Logs/Trimming/Adapters/SRR1562874.rscript.log ;elif [ '0' = 'no' ]; then echo  1> orfribo_20240326-142919/DATA_PROCESSING/Trimming/Adapters/SRR1562874/SRR1562874.txt 2> orfribo_20240326-142919/SUPPLEMENTARY_DATA/Logs/Trimming/Adapters/SRR1562874.echo.log;fi;
[Tue Mar 26 14:34:17 2024]
Finished job 5.
4 of 8 steps (50%) done
Select jobs to execute...

[Tue Mar 26 14:34:17 2024]
rule index_reference_HISAT2:
    input: /data/work/I2BC/fadwa.elkhaddar/BIM/orfmine_tutorial/ORFmine/examples/database/Scer.fna
    output: orfribo_20240326-142919/DATA_PROCESSING/Mapping/Orfium/Hisat2/Index/index_hisat2.1.ht2, orfribo_20240326-142919/DATA_PROCESSING/Mapping/Orfium/Hisat2/Index/index_hisat2.2.ht2, orfribo_20240326-142919/DATA_PROCESSING/Mapping/Orfium/Hisat2/Index/index_hisat2.3.ht2, orfribo_20240326-142919/DATA_PROCESSING/Mapping/Orfium/Hisat2/Index/index_hisat2.4.ht2, orfribo_20240326-142919/DATA_PROCESSING/Mapping/Orfium/Hisat2/Index/index_hisat2.5.ht2, orfribo_20240326-142919/DATA_PROCESSING/Mapping/Orfium/Hisat2/Index/index_hisat2.6.ht2, orfribo_20240326-142919/DATA_PROCESSING/Mapping/Orfium/Hisat2/Index/index_hisat2.7.ht2, orfribo_20240326-142919/DATA_PROCESSING/Mapping/Orfium/Hisat2/Index/index_hisat2.8.ht2
    log: orfribo_20240326-142919/SUPPLEMENTARY_DATA/Logs/Mapping/Orfium/Hisat2/Index/Orfium_index.log
    jobid: 6
    benchmark: orfribo_20240326-142919/SUPPLEMENTARY_DATA/Benchmarks/Mapping/Orfium/Hisat2/Index/Orfium_index.benchmark.txt
    reason: Missing output files: orfribo_20240326-142919/DATA_PROCESSING/Mapping/Orfium/Hisat2/Index/index_hisat2.7.ht2, orfribo_20240326-142919/DATA_PROCESSING/Mapping/Orfium/Hisat2/Index/index_hisat2.6.ht2, orfribo_20240326-142919/DATA_PROCESSING/Mapping/Orfium/Hisat2/Index/index_hisat2.4.ht2, orfribo_20240326-142919/DATA_PROCESSING/Mapping/Orfium/Hisat2/Index/index_hisat2.2.ht2, orfribo_20240326-142919/DATA_PROCESSING/Mapping/Orfium/Hisat2/Index/index_hisat2.8.ht2, orfribo_20240326-142919/DATA_PROCESSING/Mapping/Orfium/Hisat2/Index/index_hisat2.1.ht2, orfribo_20240326-142919/DATA_PROCESSING/Mapping/Orfium/Hisat2/Index/index_hisat2.3.ht2, orfribo_20240326-142919/DATA_PROCESSING/Mapping/Orfium/Hisat2/Index/index_hisat2.5.ht2
    resources: tmpdir=/tmp

hisat2-build --threads 1 /data/work/I2BC/fadwa.elkhaddar/BIM/orfmine_tutorial/ORFmine/examples/database/Scer.fna orfribo_20240326-142919/DATA_PROCESSING/Mapping/Orfium/Hisat2/Index/index_hisat2 &> orfribo_20240326-142919/SUPPLEMENTARY_DATA/Logs/Mapping/Orfium/Hisat2/Index/Orfium_index.log ;
[Tue Mar 26 14:34:25 2024]
Finished job 6.
5 of 8 steps (62%) done
Select jobs to execute...

[Tue Mar 26 14:34:25 2024]
rule adapt_trimming:
    input: /data/work/I2BC/fadwa.elkhaddar/BIM/fastq/SRR1562874.fastq.gz, orfribo_20240326-142919/DATA_PROCESSING/Trimming/Adapters/SRR1562874/SRR1562874.txt
    output: orfribo_20240326-142919/DATA_PROCESSING/Trimming/Trimmed_fastq/SRR1562874/SRR1562874.cutadapt.25-35.fastq.gz
    log: orfribo_20240326-142919/SUPPLEMENTARY_DATA/Logs/Trimming/Trimmed_fastq/SRR1562874_trim_value.log, orfribo_20240326-142919/SUPPLEMENTARY_DATA/Logs/Trimming/Trimmed_fastq/SRR1562874_cutadapt.log, orfribo_20240326-142919/SUPPLEMENTARY_DATA/Logs/Trimming/Trimmed_fastq/SRR1562874_adapt_trimming.log
    jobid: 4
    benchmark: orfribo_20240326-142919/SUPPLEMENTARY_DATA/Benchmarks/Trimming/Trimmed_fastq/SRR1562874_adapt_trimming.txt
    reason: Missing output files: orfribo_20240326-142919/DATA_PROCESSING/Trimming/Trimmed_fastq/SRR1562874/SRR1562874.cutadapt.25-35.fastq.gz; Input files updated by another job: orfribo_20240326-142919/DATA_PROCESSING/Trimming/Adapters/SRR1562874/SRR1562874.txt
    wildcards: sample=SRR1562874
    resources: tmpdir=/tmp, mem_mb=2000


        adapter_sequence=$(cat orfribo_20240326-142919/DATA_PROCESSING/Trimming/Adapters/SRR1562874/SRR1562874.txt)
        if [ ARE_ADAPTERS_TRIMMED == "0" ]; then
            trim="-a $adapter_sequence --trimmed-only"
            echo "Trim value: $trim" > orfribo_20240326-142919/SUPPLEMENTARY_DATA/Logs/Trimming/Trimmed_fastq/SRR1562874_trim_value.log
            cutadapt $trim -e 0.125 -j 1 --max-n=1 -m  MIN_READ_LENGTH -M MAX_READ_LENGTH -o orfribo_20240326-142919/DATA_PROCESSING/Trimming/Trimmed_fastq/SRR1562874/SRR1562874.cutadapt.25-35.fastq.gz /data/work/I2BC/fadwa.elkhaddar/BIM/fastq/SRR1562874.fastq.gz 1>> orfribo_20240326-142919/SUPPLEMENTARY_DATA/Logs/Trimming/Trimmed_fastq/SRR1562874_adapt_trimming.log 2> orfribo_20240326-142919/SUPPLEMENTARY_DATA/Logs/Trimming/Trimmed_fastq/SRR1562874_cutadapt.log
        else
            ln -s /data/work/I2BC/fadwa.elkhaddar/BIM/fastq/SRR1562874.fastq.gz orfribo_20240326-142919/DATA_PROCESSING/Trimming/Trimmed_fastq/SRR1562874/SRR1562874.cutadapt.25-35.fastq.gz
            echo "Reads are already trimmed." > orfribo_20240326-142919/SUPPLEMENTARY_DATA/Logs/Trimming/Trimmed_fastq/SRR1562874_adapt_trimming.log
        fi
        
[Tue Mar 26 14:34:25 2024]
Finished job 4.
6 of 8 steps (75%) done
Select jobs to execute...

[Tue Mar 26 14:34:25 2024]
rule Mapping_Genome_HISAT_Bowtie2:
    input: orfribo_20240326-142919/DATA_PROCESSING/Trimming/Trimmed_fastq/SRR1562874/SRR1562874.cutadapt.25-35.fastq.gz, orfribo_20240326-142919/DATA_PROCESSING/Mapping/Orfium/Hisat2/Index/index_hisat2.1.ht2, orfribo_20240326-142919/DATA_PROCESSING/Mapping/Orfium/Hisat2/Index/index_hisat2.2.ht2, orfribo_20240326-142919/DATA_PROCESSING/Mapping/Orfium/Hisat2/Index/index_hisat2.3.ht2, orfribo_20240326-142919/DATA_PROCESSING/Mapping/Orfium/Hisat2/Index/index_hisat2.4.ht2, orfribo_20240326-142919/DATA_PROCESSING/Mapping/Orfium/Hisat2/Index/index_hisat2.5.ht2, orfribo_20240326-142919/DATA_PROCESSING/Mapping/Orfium/Hisat2/Index/index_hisat2.6.ht2, orfribo_20240326-142919/DATA_PROCESSING/Mapping/Orfium/Hisat2/Index/index_hisat2.7.ht2, orfribo_20240326-142919/DATA_PROCESSING/Mapping/Orfium/Hisat2/Index/index_hisat2.8.ht2, orfribo_20240326-142919/DATA_PROCESSING/Mapping/Orfium/Bowtie2/Index/index_bowtie2.1.bt2, orfribo_20240326-142919/DATA_PROCESSING/Mapping/Orfium/Bowtie2/Index/index_bowtie2.2.bt2, orfribo_20240326-142919/DATA_PROCESSING/Mapping/Orfium/Bowtie2/Index/index_bowtie2.3.bt2, orfribo_20240326-142919/DATA_PROCESSING/Mapping/Orfium/Bowtie2/Index/index_bowtie2.4.bt2, orfribo_20240326-142919/DATA_PROCESSING/Mapping/Orfium/Bowtie2/Index/index_bowtie2.rev.1.bt2, orfribo_20240326-142919/DATA_PROCESSING/Mapping/Orfium/Bowtie2/Index/index_bowtie2.rev.2.bt2
    output: orfribo_20240326-142919/DATA_PROCESSING/Mapping/Orfium/Hisat2/Results/SRR1562874/SRR1562874.sam, orfribo_20240326-142919/DATA_PROCESSING/Mapping/Orfium/Bowtie2/Results/SRR1562874/SRR1562874.sam, orfribo_20240326-142919/DATA_PROCESSING/Orfium_Fastq/SRR1562874/SRR1562874_Unmapped.fastq.gz
    log: orfribo_20240326-142919/SUPPLEMENTARY_DATA/Logs/Mapping/Orfium/Hisat2/SRR1562874_hisat2_mapping.log, orfribo_20240326-142919/SUPPLEMENTARY_DATA/Logs/Mapping/Orfium/Bowtie2/SRR1562874_bowie2_mapping.log
    jobid: 3
    benchmark: orfribo_20240326-142919/SUPPLEMENTARY_DATA/Benchmarks/Mapping/Orfium/Hisat2/SRR1562874_HISAT_Bowtie2_Mapping_Orfium.benchmark.txt
    reason: Missing output files: orfribo_20240326-142919/DATA_PROCESSING/Mapping/Orfium/Bowtie2/Results/SRR1562874/SRR1562874.sam; Input files updated by another job: orfribo_20240326-142919/DATA_PROCESSING/Mapping/Orfium/Bowtie2/Index/index_bowtie2.rev.1.bt2, orfribo_20240326-142919/DATA_PROCESSING/Mapping/Orfium/Bowtie2/Index/index_bowtie2.2.bt2, orfribo_20240326-142919/DATA_PROCESSING/Mapping/Orfium/Hisat2/Index/index_hisat2.7.ht2, orfribo_20240326-142919/DATA_PROCESSING/Trimming/Trimmed_fastq/SRR1562874/SRR1562874.cutadapt.25-35.fastq.gz, orfribo_20240326-142919/DATA_PROCESSING/Mapping/Orfium/Hisat2/Index/index_hisat2.6.ht2, orfribo_20240326-142919/DATA_PROCESSING/Mapping/Orfium/Hisat2/Index/index_hisat2.4.ht2, orfribo_20240326-142919/DATA_PROCESSING/Mapping/Orfium/Hisat2/Index/index_hisat2.2.ht2, orfribo_20240326-142919/DATA_PROCESSING/Mapping/Orfium/Bowtie2/Index/index_bowtie2.rev.2.bt2, orfribo_20240326-142919/DATA_PROCESSING/Mapping/Orfium/Hisat2/Index/index_hisat2.8.ht2, orfribo_20240326-142919/DATA_PROCESSING/Mapping/Orfium/Bowtie2/Index/index_bowtie2.1.bt2, orfribo_20240326-142919/DATA_PROCESSING/Mapping/Orfium/Bowtie2/Index/index_bowtie2.3.bt2, orfribo_20240326-142919/DATA_PROCESSING/Mapping/Orfium/Hisat2/Index/index_hisat2.1.ht2, orfribo_20240326-142919/DATA_PROCESSING/Mapping/Orfium/Hisat2/Index/index_hisat2.3.ht2, orfribo_20240326-142919/DATA_PROCESSING/Mapping/Orfium/Bowtie2/Index/index_bowtie2.4.bt2, orfribo_20240326-142919/DATA_PROCESSING/Mapping/Orfium/Hisat2/Index/index_hisat2.5.ht2
    wildcards: sample=SRR1562874
    resources: tmpdir=/tmp

hisat2 -x orfribo_20240326-142919/DATA_PROCESSING/Mapping/Orfium/Hisat2/Index/index_hisat2 --threads 1 -U orfribo_20240326-142919/DATA_PROCESSING/Trimming/Trimmed_fastq/SRR1562874/SRR1562874.cutadapt.25-35.fastq.gz --un-gz orfribo_20240326-142919/DATA_PROCESSING/Orfium_Fastq/SRR1562874/SRR1562874_Unmapped.fastq.gz -S orfribo_20240326-142919/DATA_PROCESSING/Mapping/Orfium/Hisat2/Results/SRR1562874/SRR1562874.sam 2>> orfribo_20240326-142919/SUPPLEMENTARY_DATA/Logs/Mapping/Orfium/Hisat2/SRR1562874_hisat2_mapping.log;bowtie2 -x orfribo_20240326-142919/DATA_PROCESSING/Mapping/Orfium/Bowtie2/Index/index_bowtie2 --threads 1 -U orfribo_20240326-142919/DATA_PROCESSING/Orfium_Fastq/SRR1562874/SRR1562874_Unmapped.fastq.gz -S orfribo_20240326-142919/DATA_PROCESSING/Mapping/Orfium/Bowtie2/Results/SRR1562874/SRR1562874.sam 2>> orfribo_20240326-142919/SUPPLEMENTARY_DATA/Logs/Mapping/Orfium/Bowtie2/SRR1562874_bowie2_mapping.log;
Terminating processes on user request, this might take some time.
Cancelling snakemake on user request.
[Tue Mar 26 14:37:13 2024]
