Config file /data/work/I2BC/fadwa.elkhaddar/BIM/ORFMINE/ORFmine/orfmine/orfribo/config.yaml is extended by additional config specified via the command line.
Building DAG of jobs...
Using shell: /usr/bin/bash
Provided cores: 1 (use --cores to define parallelism)
Rules claiming more threads will be scaled down.
Provided resources: mem_mb=2000000
Job stats:
job         count    min threads    max threads
--------  -------  -------------  -------------
all             1              1              1
name_CDS        1              1              1
total           2              1              1

mkdir -p orfribo_20240322-120027/logs
echo 'RiboDoc version : 0.8.7' > orfribo_20240322-120027/SUPPLEMENTARY_DATA/Logs/RiboDoc_package_versions.txt
Select jobs to execute...

[Fri Mar 22 12:00:29 2024]
rule name_CDS:
    input: /data/work/I2BC/fadwa.elkhaddar/BIM/orfmine_tutorial/ORFmine/examples/database/Scer.gff
    output: orfribo_20240322-120027/DATA_PROCESSING/Edited_Gff/Named.CDS_Scer.gff
    jobid: 1
    reason: Missing output files: orfribo_20240322-120027/DATA_PROCESSING/Edited_Gff/Named.CDS_Scer.gff
    resources: tmpdir=/tmp

[Fri Mar 22 12:00:31 2024]
Finished job 1.
1 of 2 steps (50%) done
Select jobs to execute...

[Fri Mar 22 12:00:31 2024]
localrule all:
    input: orfribo_20240322-120027/DATA_PROCESSING/Edited_Gff/Named.CDS_Scer.gff
    jobid: 0
    reason: Input files updated by another job: orfribo_20240322-120027/DATA_PROCESSING/Edited_Gff/Named.CDS_Scer.gff
    resources: tmpdir=/tmp

[Fri Mar 22 12:00:31 2024]
Finished job 0.
2 of 2 steps (100%) done
Complete log: .snakemake/log/2024-03-22T120027.987908.snakemake.log
