Config file /data/work/I2BC/fadwa.elkhaddar/BIM/ORFMINE/ORFmine/orfmine/orfribo/config.yaml is extended by additional config specified via the command line.
Building DAG of jobs...
Using shell: /usr/bin/bash
Provided cores: 1 (use --cores to define parallelism)
Rules claiming more threads will be scaled down.
Provided resources: mem_mb=2000000
Job stats:
job                count    min threads    max threads
---------------  -------  -------------  -------------
Bam2Reads_Exome       11              1              1
ORFstats              11              1              1
all                    1              1              1
riboWaltz_Exome        1              1              1
total                 24              1              1

mkdir -p /data/work/I2BC/fadwa.elkhaddar/BIM/ORFMINE/ORFmine/orfmine/orfribo/Test/logs
echo 'RiboDoc version : 0.8.7' > /data/work/I2BC/fadwa.elkhaddar/BIM/ORFMINE/ORFmine/orfmine/orfribo/Test/SUPPLEMENTARY_DATA/Logs/RiboDoc_package_versions.txt
Select jobs to execute...

[Wed Mar 27 10:01:55 2024]
rule riboWaltz_Exome:
    input: /data/work/I2BC/fadwa.elkhaddar/BIM/ORFMINE/ORFmine/orfmine/orfribo/Test/DATA_PROCESSING/Exome/Exome_elongated.exons_Scer.gtf, /data/work/I2BC/fadwa.elkhaddar/BIM/ORFMINE/ORFmine/orfmine/orfribo/config.yaml
    output: /data/work/I2BC/fadwa.elkhaddar/BIM/ORFMINE/ORFmine/orfmine/orfribo/Test/DATA_PROCESSING/RiboWaltz/SRR1562874/psite_offset.csv
    jobid: 14
    reason: Missing output files: /data/work/I2BC/fadwa.elkhaddar/BIM/ORFMINE/ORFmine/orfmine/orfribo/Test/DATA_PROCESSING/RiboWaltz/SRR1562874/psite_offset.csv
    wildcards: sample=SRR1562874
    resources: tmpdir=/var/tmp/pbs.951492.pbsserver, mem_mb=2000

touch /data/work/I2BC/fadwa.elkhaddar/BIM/ORFMINE/ORFmine/orfmine/orfribo/Test/DATA_PROCESSING/RiboWaltz/SRR1562874/psite_offset.csv ; Rscript /data/work/I2BC/fadwa.elkhaddar/BIM/ORFMINE/ORFmine/orfmine/orfribo/Rscripts/periodicity_riboWaltz_exome.R /data/work/I2BC/fadwa.elkhaddar/BIM/ORFMINE/ORFmine/orfmine/orfribo/config.yaml /data/work/I2BC/fadwa.elkhaddar/BIM/ORFMINE/ORFmine/orfmine/orfribo/Test/DATA_PROCESSING/Exome/Exome_elongated.exons_Scer.gtf /data/work/I2BC/fadwa.elkhaddar/BIM/ORFMINE/ORFmine/orfmine/orfribo/Test/RESULTS/BAM/Exome/SRR1562874 /data/work/I2BC/fadwa.elkhaddar/BIM/ORFMINE/ORFmine/orfmine/orfribo/Test/DATA_PROCESSING/RiboWaltz/SRR1562874  ; rm -f /data/work/I2BC/fadwa.elkhaddar/BIM/ORFMINE/ORFmine/orfmine/orfribo/Test/Rplots.pdf ; mkdir -p /data/work/I2BC/fadwa.elkhaddar/BIM/ORFMINE/ORFmine/orfmine/orfribo/Test/RESULTS/Psite  ; cp /data/work/I2BC/fadwa.elkhaddar/BIM/ORFMINE/ORFmine/orfmine/orfribo/Test/DATA_PROCESSING/RiboWaltz/SRR1562874/psite_offset.csv /data/work/I2BC/fadwa.elkhaddar/BIM/ORFMINE/ORFmine/orfmine/orfribo/Test/RESULTS/Psite 
[Wed Mar 27 10:02:18 2024]
Finished job 14.
1 of 24 steps (4%) done
Select jobs to execute...

[Wed Mar 27 10:02:18 2024]
rule Bam2Reads_Exome:
    input: /data/work/I2BC/fadwa.elkhaddar/BIM/ORFMINE/ORFmine/orfmine/orfribo/Test/DATA_PROCESSING/Exome/Exome_elongated.gff, /data/work/I2BC/fadwa.elkhaddar/BIM/ORFMINE/ORFmine/orfmine/orfribo/Test/RESULTS/BAM/Exome/SRR1562874/SRR1562874.bam, /data/work/I2BC/fadwa.elkhaddar/BIM/ORFMINE/ORFmine/orfmine/orfribo/Test/RESULTS/BAM/Exome/SRR1562874/SRR1562874.bam.bai, /data/work/I2BC/fadwa.elkhaddar/BIM/ORFMINE/ORFmine/orfmine/orfribo/Test/DATA_PROCESSING/RiboWaltz/SRR1562874/psite_offset.csv
    output: /data/work/I2BC/fadwa.elkhaddar/BIM/ORFMINE/ORFmine/orfmine/orfribo/Test/DATA_PROCESSING/Bam2Reads_Exome/SRR1562874/SRR1562874_25/Exome.25-35_reads.tab
    log: /data/work/I2BC/fadwa.elkhaddar/BIM/ORFMINE/ORFmine/orfmine/orfribo/Test/SUPPLEMENTARY_DATA/Logs/Bam2Reads_Exome/SRR1562874.25.bam2read.log, /data/work/I2BC/fadwa.elkhaddar/BIM/ORFMINE/ORFmine/orfmine/orfribo/Test/SUPPLEMENTARY_DATA/Logs/Bam2Reads_Exome/SRR1562874.25.offset_grep.log
    jobid: 16
    benchmark: /data/work/I2BC/fadwa.elkhaddar/BIM/ORFMINE/ORFmine/orfmine/orfribo/Test/SUPPLEMENTARY_DATA/Benchmarks/Bam2Reads_Exome/SRR1562874.25.bam2read.benchmark.txt
    reason: Missing output files: /data/work/I2BC/fadwa.elkhaddar/BIM/ORFMINE/ORFmine/orfmine/orfribo/Test/DATA_PROCESSING/Bam2Reads_Exome/SRR1562874/SRR1562874_25/Exome.25-35_reads.tab; Input files updated by another job: /data/work/I2BC/fadwa.elkhaddar/BIM/ORFMINE/ORFmine/orfmine/orfribo/Test/DATA_PROCESSING/RiboWaltz/SRR1562874/psite_offset.csv
    wildcards: sample=SRR1562874, length=25
    resources: tmpdir=/var/tmp/pbs.951492.pbsserver, mem_mb=1000

set +o pipefail;offset=$(grep SRR1562874 /data/work/I2BC/fadwa.elkhaddar/BIM/ORFMINE/ORFmine/orfmine/orfribo/Test/DATA_PROCESSING/RiboWaltz/SRR1562874/psite_offset.csv 2> /data/work/I2BC/fadwa.elkhaddar/BIM/ORFMINE/ORFmine/orfmine/orfribo/Test/SUPPLEMENTARY_DATA/Logs/Bam2Reads_Exome/SRR1562874.25.offset_grep.log | grep ^25 2>> /data/work/I2BC/fadwa.elkhaddar/BIM/ORFMINE/ORFmine/orfmine/orfribo/Test/SUPPLEMENTARY_DATA/Logs/Bam2Reads_Exome/SRR1562874.25.offset_grep.log | cut -f7 2>> /data/work/I2BC/fadwa.elkhaddar/BIM/ORFMINE/ORFmine/orfmine/orfribo/Test/SUPPLEMENTARY_DATA/Logs/Bam2Reads_Exome/SRR1562874.25.offset_grep.log) 2>> /data/work/I2BC/fadwa.elkhaddar/BIM/ORFMINE/ORFmine/orfmine/orfribo/Test/SUPPLEMENTARY_DATA/Logs/Bam2Reads_Exome/SRR1562874.25.offset_grep.log;if [ $offset = '' ]; then offset=12; fi;bam2reads -shift ${offset} -kmer 25 -gff /data/work/I2BC/fadwa.elkhaddar/BIM/ORFMINE/ORFmine/orfmine/orfribo/Test/DATA_PROCESSING/Exome/Exome_elongated.gff -bam /data/work/I2BC/fadwa.elkhaddar/BIM/ORFMINE/ORFmine/orfmine/orfribo/Test/RESULTS/BAM/Exome/SRR1562874/SRR1562874.bam -outpath /data/work/I2BC/fadwa.elkhaddar/BIM/ORFMINE/ORFmine/orfmine/orfribo/Test/DATA_PROCESSING/Bam2Reads_Exome/SRR1562874/SRR1562874_25  -outname Exome.25-35 -features_include CDS 2> /data/work/I2BC/fadwa.elkhaddar/BIM/ORFMINE/ORFmine/orfmine/orfribo/Test/SUPPLEMENTARY_DATA/Logs/Bam2Reads_Exome/SRR1562874.25.bam2read.log;
[Wed Mar 27 10:02:19 2024]
Error in rule Bam2Reads_Exome:
    jobid: 16
    output: /data/work/I2BC/fadwa.elkhaddar/BIM/ORFMINE/ORFmine/orfmine/orfribo/Test/DATA_PROCESSING/Bam2Reads_Exome/SRR1562874/SRR1562874_25/Exome.25-35_reads.tab
    log: /data/work/I2BC/fadwa.elkhaddar/BIM/ORFMINE/ORFmine/orfmine/orfribo/Test/SUPPLEMENTARY_DATA/Logs/Bam2Reads_Exome/SRR1562874.25.bam2read.log, /data/work/I2BC/fadwa.elkhaddar/BIM/ORFMINE/ORFmine/orfmine/orfribo/Test/SUPPLEMENTARY_DATA/Logs/Bam2Reads_Exome/SRR1562874.25.offset_grep.log (check log file(s) for error message)
    shell:
        set +o pipefail;offset=$(grep SRR1562874 /data/work/I2BC/fadwa.elkhaddar/BIM/ORFMINE/ORFmine/orfmine/orfribo/Test/DATA_PROCESSING/RiboWaltz/SRR1562874/psite_offset.csv 2> /data/work/I2BC/fadwa.elkhaddar/BIM/ORFMINE/ORFmine/orfmine/orfribo/Test/SUPPLEMENTARY_DATA/Logs/Bam2Reads_Exome/SRR1562874.25.offset_grep.log | grep ^25 2>> /data/work/I2BC/fadwa.elkhaddar/BIM/ORFMINE/ORFmine/orfmine/orfribo/Test/SUPPLEMENTARY_DATA/Logs/Bam2Reads_Exome/SRR1562874.25.offset_grep.log | cut -f7 2>> /data/work/I2BC/fadwa.elkhaddar/BIM/ORFMINE/ORFmine/orfmine/orfribo/Test/SUPPLEMENTARY_DATA/Logs/Bam2Reads_Exome/SRR1562874.25.offset_grep.log) 2>> /data/work/I2BC/fadwa.elkhaddar/BIM/ORFMINE/ORFmine/orfmine/orfribo/Test/SUPPLEMENTARY_DATA/Logs/Bam2Reads_Exome/SRR1562874.25.offset_grep.log;if [ $offset = '' ]; then offset=12; fi;bam2reads -shift ${offset} -kmer 25 -gff /data/work/I2BC/fadwa.elkhaddar/BIM/ORFMINE/ORFmine/orfmine/orfribo/Test/DATA_PROCESSING/Exome/Exome_elongated.gff -bam /data/work/I2BC/fadwa.elkhaddar/BIM/ORFMINE/ORFmine/orfmine/orfribo/Test/RESULTS/BAM/Exome/SRR1562874/SRR1562874.bam -outpath /data/work/I2BC/fadwa.elkhaddar/BIM/ORFMINE/ORFmine/orfmine/orfribo/Test/DATA_PROCESSING/Bam2Reads_Exome/SRR1562874/SRR1562874_25  -outname Exome.25-35 -features_include CDS 2> /data/work/I2BC/fadwa.elkhaddar/BIM/ORFMINE/ORFmine/orfmine/orfribo/Test/SUPPLEMENTARY_DATA/Logs/Bam2Reads_Exome/SRR1562874.25.bam2read.log;
        (one of the commands exited with non-zero exit code; note that snakemake uses bash strict mode!)

Shutting down, this might take some time.
Exiting because a job execution failed. Look above for error message
Complete log: .snakemake/log/2024-03-27T100153.378286.snakemake.log
